CRITICAL - 2022-05-26 12:46:25 --> Undefined variable $articles
#0 C:\xampp\htdocs\website_berita_kripto\app\Views\index.php(46): CodeIgniter\Debug\Exceptions->errorHandler(2, 'Undefined varia...', 'C:\\xampp\\htdocs...', 46)
#1 C:\xampp\htdocs\website_berita_kripto\system\View\View.php(210): include('C:\\xampp\\htdocs...')
#2 C:\xampp\htdocs\website_berita_kripto\system\View\View.php(213): CodeIgniter\View\View->CodeIgniter\View\{closure}()
#3 C:\xampp\htdocs\website_berita_kripto\system\Common.php(1089): CodeIgniter\View\View->render('index', Array, true)
#4 C:\xampp\htdocs\website_berita_kripto\app\Controllers\Home.php(13): view('index')
#5 C:\xampp\htdocs\website_berita_kripto\system\CodeIgniter.php(832): App\Controllers\Home->index()
#6 C:\xampp\htdocs\website_berita_kripto\system\CodeIgniter.php(419): CodeIgniter\CodeIgniter->runController(Object(App\Controllers\Home))
#7 C:\xampp\htdocs\website_berita_kripto\system\CodeIgniter.php(326): CodeIgniter\CodeIgniter->handleRequest(NULL, Object(Config\Cache), false)
#8 C:\xampp\htdocs\website_berita_kripto\index.php(37): CodeIgniter\CodeIgniter->run()
#9 {main}
CRITICAL - 2022-05-26 12:46:28 --> Undefined variable $articles
#0 C:\xampp\htdocs\website_berita_kripto\app\Views\index.php(46): CodeIgniter\Debug\Exceptions->errorHandler(2, 'Undefined varia...', 'C:\\xampp\\htdocs...', 46)
#1 C:\xampp\htdocs\website_berita_kripto\system\View\View.php(210): include('C:\\xampp\\htdocs...')
#2 C:\xampp\htdocs\website_berita_kripto\system\View\View.php(213): CodeIgniter\View\View->CodeIgniter\View\{closure}()
#3 C:\xampp\htdocs\website_berita_kripto\system\Common.php(1089): CodeIgniter\View\View->render('index', Array, true)
#4 C:\xampp\htdocs\website_berita_kripto\app\Controllers\Home.php(13): view('index')
#5 C:\xampp\htdocs\website_berita_kripto\system\CodeIgniter.php(832): App\Controllers\Home->index()
#6 C:\xampp\htdocs\website_berita_kripto\system\CodeIgniter.php(419): CodeIgniter\CodeIgniter->runController(Object(App\Controllers\Home))
#7 C:\xampp\htdocs\website_berita_kripto\system\CodeIgniter.php(326): CodeIgniter\CodeIgniter->handleRequest(NULL, Object(Config\Cache), false)
#8 C:\xampp\htdocs\website_berita_kripto\index.php(37): CodeIgniter\CodeIgniter->run()
#9 {main}
CRITICAL - 2022-05-26 12:47:05 --> Undefined variable $articles
#0 C:\xampp\htdocs\website_berita_kripto\app\Views\index.php(46): CodeIgniter\Debug\Exceptions->errorHandler(2, 'Undefined varia...', 'C:\\xampp\\htdocs...', 46)
#1 C:\xampp\htdocs\website_berita_kripto\system\View\View.php(210): include('C:\\xampp\\htdocs...')
#2 C:\xampp\htdocs\website_berita_kripto\system\View\View.php(213): CodeIgniter\View\View->CodeIgniter\View\{closure}()
#3 C:\xampp\htdocs\website_berita_kripto\system\Common.php(1089): CodeIgniter\View\View->render('index', Array, true)
#4 C:\xampp\htdocs\website_berita_kripto\app\Controllers\Home.php(13): view('index')
#5 C:\xampp\htdocs\website_berita_kripto\system\CodeIgniter.php(832): App\Controllers\Home->index()
#6 C:\xampp\htdocs\website_berita_kripto\system\CodeIgniter.php(419): CodeIgniter\CodeIgniter->runController(Object(App\Controllers\Home))
#7 C:\xampp\htdocs\website_berita_kripto\system\CodeIgniter.php(326): CodeIgniter\CodeIgniter->handleRequest(NULL, Object(Config\Cache), false)
#8 C:\xampp\htdocs\website_berita_kripto\index.php(37): CodeIgniter\CodeIgniter->run()
#9 {main}
CRITICAL - 2022-05-26 12:50:04 --> Undefined variable $articles
#0 C:\xampp\htdocs\website_berita_kripto\app\Views\index.php(46): CodeIgniter\Debug\Exceptions->errorHandler(2, 'Undefined varia...', 'C:\\xampp\\htdocs...', 46)
#1 C:\xampp\htdocs\website_berita_kripto\system\View\View.php(210): include('C:\\xampp\\htdocs...')
#2 C:\xampp\htdocs\website_berita_kripto\system\View\View.php(213): CodeIgniter\View\View->CodeIgniter\View\{closure}()
#3 C:\xampp\htdocs\website_berita_kripto\system\Common.php(1089): CodeIgniter\View\View->render('index', Array, true)
#4 C:\xampp\htdocs\website_berita_kripto\app\Controllers\Home.php(13): view('index')
#5 C:\xampp\htdocs\website_berita_kripto\system\CodeIgniter.php(832): App\Controllers\Home->index()
#6 C:\xampp\htdocs\website_berita_kripto\system\CodeIgniter.php(419): CodeIgniter\CodeIgniter->runController(Object(App\Controllers\Home))
#7 C:\xampp\htdocs\website_berita_kripto\system\CodeIgniter.php(326): CodeIgniter\CodeIgniter->handleRequest(NULL, Object(Config\Cache), false)
#8 C:\xampp\htdocs\website_berita_kripto\index.php(37): CodeIgniter\CodeIgniter->run()
#9 {main}
CRITICAL - 2022-05-26 12:50:48 --> Undefined variable $articles
#0 C:\xampp\htdocs\website_berita_kripto\app\Views\index.php(46): CodeIgniter\Debug\Exceptions->errorHandler(2, 'Undefined varia...', 'C:\\xampp\\htdocs...', 46)
#1 C:\xampp\htdocs\website_berita_kripto\system\View\View.php(210): include('C:\\xampp\\htdocs...')
#2 C:\xampp\htdocs\website_berita_kripto\system\View\View.php(213): CodeIgniter\View\View->CodeIgniter\View\{closure}()
#3 C:\xampp\htdocs\website_berita_kripto\system\Common.php(1089): CodeIgniter\View\View->render('index', Array, true)
#4 C:\xampp\htdocs\website_berita_kripto\app\Controllers\Home.php(13): view('index')
#5 C:\xampp\htdocs\website_berita_kripto\system\CodeIgniter.php(832): App\Controllers\Home->index()
#6 C:\xampp\htdocs\website_berita_kripto\system\CodeIgniter.php(419): CodeIgniter\CodeIgniter->runController(Object(App\Controllers\Home))
#7 C:\xampp\htdocs\website_berita_kripto\system\CodeIgniter.php(326): CodeIgniter\CodeIgniter->handleRequest(NULL, Object(Config\Cache), false)
#8 C:\xampp\htdocs\website_berita_kripto\index.php(37): CodeIgniter\CodeIgniter->run()
#9 {main}
CRITICAL - 2022-05-26 12:55:25 --> Undefined variable $articles
#0 C:\xampp\htdocs\website_berita_kripto\app\Views\index.php(46): CodeIgniter\Debug\Exceptions->errorHandler(2, 'Undefined varia...', 'C:\\xampp\\htdocs...', 46)
#1 C:\xampp\htdocs\website_berita_kripto\system\View\View.php(210): include('C:\\xampp\\htdocs...')
#2 C:\xampp\htdocs\website_berita_kripto\system\View\View.php(213): CodeIgniter\View\View->CodeIgniter\View\{closure}()
#3 C:\xampp\htdocs\website_berita_kripto\system\Common.php(1089): CodeIgniter\View\View->render('index', Array, true)
#4 C:\xampp\htdocs\website_berita_kripto\app\Controllers\Home.php(13): view('index')
#5 C:\xampp\htdocs\website_berita_kripto\system\CodeIgniter.php(832): App\Controllers\Home->index()
#6 C:\xampp\htdocs\website_berita_kripto\system\CodeIgniter.php(419): CodeIgniter\CodeIgniter->runController(Object(App\Controllers\Home))
#7 C:\xampp\htdocs\website_berita_kripto\system\CodeIgniter.php(326): CodeIgniter\CodeIgniter->handleRequest(NULL, Object(Config\Cache), false)
#8 C:\xampp\htdocs\website_berita_kripto\index.php(37): CodeIgniter\CodeIgniter->run()
#9 {main}
CRITICAL - 2022-05-26 12:55:30 --> Undefined variable $articles
#0 C:\xampp\htdocs\website_berita_kripto\app\Views\index.php(46): CodeIgniter\Debug\Exceptions->errorHandler(2, 'Undefined varia...', 'C:\\xampp\\htdocs...', 46)
#1 C:\xampp\htdocs\website_berita_kripto\system\View\View.php(210): include('C:\\xampp\\htdocs...')
#2 C:\xampp\htdocs\website_berita_kripto\system\View\View.php(213): CodeIgniter\View\View->CodeIgniter\View\{closure}()
#3 C:\xampp\htdocs\website_berita_kripto\system\Common.php(1089): CodeIgniter\View\View->render('index', Array, true)
#4 C:\xampp\htdocs\website_berita_kripto\app\Controllers\Home.php(13): view('index')
#5 C:\xampp\htdocs\website_berita_kripto\system\CodeIgniter.php(832): App\Controllers\Home->index()
#6 C:\xampp\htdocs\website_berita_kripto\system\CodeIgniter.php(419): CodeIgniter\CodeIgniter->runController(Object(App\Controllers\Home))
#7 C:\xampp\htdocs\website_berita_kripto\system\CodeIgniter.php(326): CodeIgniter\CodeIgniter->handleRequest(NULL, Object(Config\Cache), false)
#8 C:\xampp\htdocs\website_berita_kripto\index.php(37): CodeIgniter\CodeIgniter->run()
#9 {main}
CRITICAL - 2022-05-26 12:55:31 --> Undefined variable $articles
#0 C:\xampp\htdocs\website_berita_kripto\app\Views\index.php(46): CodeIgniter\Debug\Exceptions->errorHandler(2, 'Undefined varia...', 'C:\\xampp\\htdocs...', 46)
#1 C:\xampp\htdocs\website_berita_kripto\system\View\View.php(210): include('C:\\xampp\\htdocs...')
#2 C:\xampp\htdocs\website_berita_kripto\system\View\View.php(213): CodeIgniter\View\View->CodeIgniter\View\{closure}()
#3 C:\xampp\htdocs\website_berita_kripto\system\Common.php(1089): CodeIgniter\View\View->render('index', Array, true)
#4 C:\xampp\htdocs\website_berita_kripto\app\Controllers\Home.php(13): view('index')
#5 C:\xampp\htdocs\website_berita_kripto\system\CodeIgniter.php(832): App\Controllers\Home->index()
#6 C:\xampp\htdocs\website_berita_kripto\system\CodeIgniter.php(419): CodeIgniter\CodeIgniter->runController(Object(App\Controllers\Home))
#7 C:\xampp\htdocs\website_berita_kripto\system\CodeIgniter.php(326): CodeIgniter\CodeIgniter->handleRequest(NULL, Object(Config\Cache), false)
#8 C:\xampp\htdocs\website_berita_kripto\index.php(37): CodeIgniter\CodeIgniter->run()
#9 {main}
CRITICAL - 2022-05-26 12:55:33 --> Undefined variable $articles
#0 C:\xampp\htdocs\website_berita_kripto\app\Views\index.php(46): CodeIgniter\Debug\Exceptions->errorHandler(2, 'Undefined varia...', 'C:\\xampp\\htdocs...', 46)
#1 C:\xampp\htdocs\website_berita_kripto\system\View\View.php(210): include('C:\\xampp\\htdocs...')
#2 C:\xampp\htdocs\website_berita_kripto\system\View\View.php(213): CodeIgniter\View\View->CodeIgniter\View\{closure}()
#3 C:\xampp\htdocs\website_berita_kripto\system\Common.php(1089): CodeIgniter\View\View->render('index', Array, true)
#4 C:\xampp\htdocs\website_berita_kripto\app\Controllers\Home.php(13): view('index')
#5 C:\xampp\htdocs\website_berita_kripto\system\CodeIgniter.php(832): App\Controllers\Home->index()
#6 C:\xampp\htdocs\website_berita_kripto\system\CodeIgniter.php(419): CodeIgniter\CodeIgniter->runController(Object(App\Controllers\Home))
#7 C:\xampp\htdocs\website_berita_kripto\system\CodeIgniter.php(326): CodeIgniter\CodeIgniter->handleRequest(NULL, Object(Config\Cache), false)
#8 C:\xampp\htdocs\website_berita_kripto\index.php(37): CodeIgniter\CodeIgniter->run()
#9 {main}
CRITICAL - 2022-05-26 12:55:34 --> Undefined variable $articles
#0 C:\xampp\htdocs\website_berita_kripto\app\Views\index.php(46): CodeIgniter\Debug\Exceptions->errorHandler(2, 'Undefined varia...', 'C:\\xampp\\htdocs...', 46)
#1 C:\xampp\htdocs\website_berita_kripto\system\View\View.php(210): include('C:\\xampp\\htdocs...')
#2 C:\xampp\htdocs\website_berita_kripto\system\View\View.php(213): CodeIgniter\View\View->CodeIgniter\View\{closure}()
#3 C:\xampp\htdocs\website_berita_kripto\system\Common.php(1089): CodeIgniter\View\View->render('index', Array, true)
#4 C:\xampp\htdocs\website_berita_kripto\app\Controllers\Home.php(13): view('index')
#5 C:\xampp\htdocs\website_berita_kripto\system\CodeIgniter.php(832): App\Controllers\Home->index()
#6 C:\xampp\htdocs\website_berita_kripto\system\CodeIgniter.php(419): CodeIgniter\CodeIgniter->runController(Object(App\Controllers\Home))
#7 C:\xampp\htdocs\website_berita_kripto\system\CodeIgniter.php(326): CodeIgniter\CodeIgniter->handleRequest(NULL, Object(Config\Cache), false)
#8 C:\xampp\htdocs\website_berita_kripto\index.php(37): CodeIgniter\CodeIgniter->run()
#9 {main}
CRITICAL - 2022-05-26 12:57:08 --> Undefined variable $articles
#0 C:\xampp\htdocs\website_berita_kripto\app\Views\index.php(46): CodeIgniter\Debug\Exceptions->errorHandler(2, 'Undefined varia...', 'C:\\xampp\\htdocs...', 46)
#1 C:\xampp\htdocs\website_berita_kripto\system\View\View.php(210): include('C:\\xampp\\htdocs...')
#2 C:\xampp\htdocs\website_berita_kripto\system\View\View.php(213): CodeIgniter\View\View->CodeIgniter\View\{closure}()
#3 C:\xampp\htdocs\website_berita_kripto\system\Common.php(1089): CodeIgniter\View\View->render('index', Array, true)
#4 C:\xampp\htdocs\website_berita_kripto\app\Controllers\Home.php(13): view('index')
#5 C:\xampp\htdocs\website_berita_kripto\system\CodeIgniter.php(832): App\Controllers\Home->index()
#6 C:\xampp\htdocs\website_berita_kripto\system\CodeIgniter.php(419): CodeIgniter\CodeIgniter->runController(Object(App\Controllers\Home))
#7 C:\xampp\htdocs\website_berita_kripto\system\CodeIgniter.php(326): CodeIgniter\CodeIgniter->handleRequest(NULL, Object(Config\Cache), false)
#8 C:\xampp\htdocs\website_berita_kripto\index.php(37): CodeIgniter\CodeIgniter->run()
#9 {main}
CRITICAL - 2022-05-26 12:57:11 --> Undefined variable $articles
#0 C:\xampp\htdocs\website_berita_kripto\app\Views\index.php(46): CodeIgniter\Debug\Exceptions->errorHandler(2, 'Undefined varia...', 'C:\\xampp\\htdocs...', 46)
#1 C:\xampp\htdocs\website_berita_kripto\system\View\View.php(210): include('C:\\xampp\\htdocs...')
#2 C:\xampp\htdocs\website_berita_kripto\system\View\View.php(213): CodeIgniter\View\View->CodeIgniter\View\{closure}()
#3 C:\xampp\htdocs\website_berita_kripto\system\Common.php(1089): CodeIgniter\View\View->render('index', Array, true)
#4 C:\xampp\htdocs\website_berita_kripto\app\Controllers\Home.php(13): view('index')
#5 C:\xampp\htdocs\website_berita_kripto\system\CodeIgniter.php(832): App\Controllers\Home->index()
#6 C:\xampp\htdocs\website_berita_kripto\system\CodeIgniter.php(419): CodeIgniter\CodeIgniter->runController(Object(App\Controllers\Home))
#7 C:\xampp\htdocs\website_berita_kripto\system\CodeIgniter.php(326): CodeIgniter\CodeIgniter->handleRequest(NULL, Object(Config\Cache), false)
#8 C:\xampp\htdocs\website_berita_kripto\index.php(37): CodeIgniter\CodeIgniter->run()
#9 {main}
CRITICAL - 2022-05-26 12:57:13 --> Undefined variable $articles
#0 C:\xampp\htdocs\website_berita_kripto\app\Views\index.php(46): CodeIgniter\Debug\Exceptions->errorHandler(2, 'Undefined varia...', 'C:\\xampp\\htdocs...', 46)
#1 C:\xampp\htdocs\website_berita_kripto\system\View\View.php(210): include('C:\\xampp\\htdocs...')
#2 C:\xampp\htdocs\website_berita_kripto\system\View\View.php(213): CodeIgniter\View\View->CodeIgniter\View\{closure}()
#3 C:\xampp\htdocs\website_berita_kripto\system\Common.php(1089): CodeIgniter\View\View->render('index', Array, true)
#4 C:\xampp\htdocs\website_berita_kripto\app\Controllers\Home.php(13): view('index')
#5 C:\xampp\htdocs\website_berita_kripto\system\CodeIgniter.php(832): App\Controllers\Home->index()
#6 C:\xampp\htdocs\website_berita_kripto\system\CodeIgniter.php(419): CodeIgniter\CodeIgniter->runController(Object(App\Controllers\Home))
#7 C:\xampp\htdocs\website_berita_kripto\system\CodeIgniter.php(326): CodeIgniter\CodeIgniter->handleRequest(NULL, Object(Config\Cache), false)
#8 C:\xampp\htdocs\website_berita_kripto\index.php(37): CodeIgniter\CodeIgniter->run()
#9 {main}
CRITICAL - 2022-05-26 13:01:02 --> Too few arguments to function App\Models\BlogModel::read(), 0 passed in C:\xampp\htdocs\website_berita_kripto\app\Controllers\Home.php on line 12 and exactly 1 expected
#0 C:\xampp\htdocs\website_berita_kripto\app\Controllers\Home.php(12): App\Models\BlogModel->read()
#1 C:\xampp\htdocs\website_berita_kripto\system\CodeIgniter.php(832): App\Controllers\Home->index()
#2 C:\xampp\htdocs\website_berita_kripto\system\CodeIgniter.php(419): CodeIgniter\CodeIgniter->runController(Object(App\Controllers\Home))
#3 C:\xampp\htdocs\website_berita_kripto\system\CodeIgniter.php(326): CodeIgniter\CodeIgniter->handleRequest(NULL, Object(Config\Cache), false)
#4 C:\xampp\htdocs\website_berita_kripto\index.php(37): CodeIgniter\CodeIgniter->run()
#5 {main}
CRITICAL - 2022-05-26 13:01:30 --> Too few arguments to function App\Models\BlogModel::read(), 0 passed in C:\xampp\htdocs\website_berita_kripto\app\Controllers\Home.php on line 12 and exactly 1 expected
#0 C:\xampp\htdocs\website_berita_kripto\app\Controllers\Home.php(12): App\Models\BlogModel->read()
#1 C:\xampp\htdocs\website_berita_kripto\system\CodeIgniter.php(832): App\Controllers\Home->index()
#2 C:\xampp\htdocs\website_berita_kripto\system\CodeIgniter.php(419): CodeIgniter\CodeIgniter->runController(Object(App\Controllers\Home))
#3 C:\xampp\htdocs\website_berita_kripto\system\CodeIgniter.php(326): CodeIgniter\CodeIgniter->handleRequest(NULL, Object(Config\Cache), false)
#4 C:\xampp\htdocs\website_berita_kripto\index.php(37): CodeIgniter\CodeIgniter->run()
#5 {main}
CRITICAL - 2022-05-26 13:05:06 --> Too few arguments to function App\Models\BlogModel::read(), 0 passed in C:\xampp\htdocs\website_berita_kripto\app\Controllers\Home.php on line 12 and exactly 1 expected
#0 C:\xampp\htdocs\website_berita_kripto\app\Controllers\Home.php(12): App\Models\BlogModel->read()
#1 C:\xampp\htdocs\website_berita_kripto\system\CodeIgniter.php(832): App\Controllers\Home->index()
#2 C:\xampp\htdocs\website_berita_kripto\system\CodeIgniter.php(419): CodeIgniter\CodeIgniter->runController(Object(App\Controllers\Home))
#3 C:\xampp\htdocs\website_berita_kripto\system\CodeIgniter.php(326): CodeIgniter\CodeIgniter->handleRequest(NULL, Object(Config\Cache), false)
#4 C:\xampp\htdocs\website_berita_kripto\index.php(37): CodeIgniter\CodeIgniter->run()
#5 {main}
CRITICAL - 2022-05-26 13:05:15 --> Undefined variable $id
#0 C:\xampp\htdocs\website_berita_kripto\app\Models\BlogModel.php(23): CodeIgniter\Debug\Exceptions->errorHandler(2, 'Undefined varia...', 'C:\\xampp\\htdocs...', 23)
#1 C:\xampp\htdocs\website_berita_kripto\app\Controllers\Home.php(12): App\Models\BlogModel->read()
#2 C:\xampp\htdocs\website_berita_kripto\system\CodeIgniter.php(832): App\Controllers\Home->index()
#3 C:\xampp\htdocs\website_berita_kripto\system\CodeIgniter.php(419): CodeIgniter\CodeIgniter->runController(Object(App\Controllers\Home))
#4 C:\xampp\htdocs\website_berita_kripto\system\CodeIgniter.php(326): CodeIgniter\CodeIgniter->handleRequest(NULL, Object(Config\Cache), false)
#5 C:\xampp\htdocs\website_berita_kripto\index.php(37): CodeIgniter\CodeIgniter->run()
#6 {main}
CRITICAL - 2022-05-26 13:05:44 --> Too few arguments to function App\Models\BlogModel::read(), 0 passed in C:\xampp\htdocs\website_berita_kripto\app\Controllers\Home.php on line 12 and exactly 1 expected
#0 C:\xampp\htdocs\website_berita_kripto\app\Controllers\Home.php(12): App\Models\BlogModel->read()
#1 C:\xampp\htdocs\website_berita_kripto\system\CodeIgniter.php(832): App\Controllers\Home->index()
#2 C:\xampp\htdocs\website_berita_kripto\system\CodeIgniter.php(419): CodeIgniter\CodeIgniter->runController(Object(App\Controllers\Home))
#3 C:\xampp\htdocs\website_berita_kripto\system\CodeIgniter.php(326): CodeIgniter\CodeIgniter->handleRequest(NULL, Object(Config\Cache), false)
#4 C:\xampp\htdocs\website_berita_kripto\index.php(37): CodeIgniter\CodeIgniter->run()
#5 {main}
CRITICAL - 2022-05-26 13:15:19 --> Call to undefined function reverse_array()
#0 C:\xampp\htdocs\website_berita_kripto\system\View\View.php(210): include()
#1 C:\xampp\htdocs\website_berita_kripto\system\View\View.php(213): CodeIgniter\View\View->CodeIgniter\View\{closure}()
#2 C:\xampp\htdocs\website_berita_kripto\system\Common.php(1089): CodeIgniter\View\View->render('index', Array, true)
#3 C:\xampp\htdocs\website_berita_kripto\app\Controllers\Home.php(13): view('index', Array)
#4 C:\xampp\htdocs\website_berita_kripto\system\CodeIgniter.php(832): App\Controllers\Home->index()
#5 C:\xampp\htdocs\website_berita_kripto\system\CodeIgniter.php(419): CodeIgniter\CodeIgniter->runController(Object(App\Controllers\Home))
#6 C:\xampp\htdocs\website_berita_kripto\system\CodeIgniter.php(326): CodeIgniter\CodeIgniter->handleRequest(NULL, Object(Config\Cache), false)
#7 C:\xampp\htdocs\website_berita_kripto\index.php(37): CodeIgniter\CodeIgniter->run()
#8 {main}
