CRITICAL - 2022-05-25 20:36:31 --> Undefined variable $articles
#0 C:\xampp\htdocs\website_berita_kripto\app\Views\index.php(46): CodeIgniter\Debug\Exceptions->errorHandler(2, 'Undefined varia...', 'C:\\xampp\\htdocs...', 46)
#1 C:\xampp\htdocs\website_berita_kripto\system\View\View.php(210): include('C:\\xampp\\htdocs...')
#2 C:\xampp\htdocs\website_berita_kripto\system\View\View.php(213): CodeIgniter\View\View->CodeIgniter\View\{closure}()
#3 C:\xampp\htdocs\website_berita_kripto\system\Common.php(1089): CodeIgniter\View\View->render('index', Array, true)
#4 C:\xampp\htdocs\website_berita_kripto\app\Controllers\Home.php(13): view('index')
#5 C:\xampp\htdocs\website_berita_kripto\system\CodeIgniter.php(832): App\Controllers\Home->index()
#6 C:\xampp\htdocs\website_berita_kripto\system\CodeIgniter.php(419): CodeIgniter\CodeIgniter->runController(Object(App\Controllers\Home))
#7 C:\xampp\htdocs\website_berita_kripto\system\CodeIgniter.php(326): CodeIgniter\CodeIgniter->handleRequest(NULL, Object(Config\Cache), false)
#8 C:\xampp\htdocs\website_berita_kripto\index.php(37): CodeIgniter\CodeIgniter->run()
#9 {main}
CRITICAL - 2022-05-25 20:39:29 --> Undefined variable $articles
#0 C:\xampp\htdocs\website_berita_kripto\app\Views\index.php(46): CodeIgniter\Debug\Exceptions->errorHandler(2, 'Undefined varia...', 'C:\\xampp\\htdocs...', 46)
#1 C:\xampp\htdocs\website_berita_kripto\system\View\View.php(210): include('C:\\xampp\\htdocs...')
#2 C:\xampp\htdocs\website_berita_kripto\system\View\View.php(213): CodeIgniter\View\View->CodeIgniter\View\{closure}()
#3 C:\xampp\htdocs\website_berita_kripto\system\Common.php(1089): CodeIgniter\View\View->render('index', Array, true)
#4 C:\xampp\htdocs\website_berita_kripto\app\Controllers\Home.php(13): view('index')
#5 C:\xampp\htdocs\website_berita_kripto\system\CodeIgniter.php(832): App\Controllers\Home->index()
#6 C:\xampp\htdocs\website_berita_kripto\system\CodeIgniter.php(419): CodeIgniter\CodeIgniter->runController(Object(App\Controllers\Home))
#7 C:\xampp\htdocs\website_berita_kripto\system\CodeIgniter.php(326): CodeIgniter\CodeIgniter->handleRequest(NULL, Object(Config\Cache), false)
#8 C:\xampp\htdocs\website_berita_kripto\index.php(37): CodeIgniter\CodeIgniter->run()
#9 {main}
CRITICAL - 2022-05-25 20:39:33 --> Undefined variable $articles
#0 C:\xampp\htdocs\website_berita_kripto\app\Views\index.php(46): CodeIgniter\Debug\Exceptions->errorHandler(2, 'Undefined varia...', 'C:\\xampp\\htdocs...', 46)
#1 C:\xampp\htdocs\website_berita_kripto\system\View\View.php(210): include('C:\\xampp\\htdocs...')
#2 C:\xampp\htdocs\website_berita_kripto\system\View\View.php(213): CodeIgniter\View\View->CodeIgniter\View\{closure}()
#3 C:\xampp\htdocs\website_berita_kripto\system\Common.php(1089): CodeIgniter\View\View->render('index', Array, true)
#4 C:\xampp\htdocs\website_berita_kripto\app\Controllers\Home.php(13): view('index')
#5 C:\xampp\htdocs\website_berita_kripto\system\CodeIgniter.php(832): App\Controllers\Home->index()
#6 C:\xampp\htdocs\website_berita_kripto\system\CodeIgniter.php(419): CodeIgniter\CodeIgniter->runController(Object(App\Controllers\Home))
#7 C:\xampp\htdocs\website_berita_kripto\system\CodeIgniter.php(326): CodeIgniter\CodeIgniter->handleRequest(NULL, Object(Config\Cache), false)
#8 C:\xampp\htdocs\website_berita_kripto\index.php(37): CodeIgniter\CodeIgniter->run()
#9 {main}
CRITICAL - 2022-05-25 20:39:34 --> Undefined variable $articles
#0 C:\xampp\htdocs\website_berita_kripto\app\Views\index.php(46): CodeIgniter\Debug\Exceptions->errorHandler(2, 'Undefined varia...', 'C:\\xampp\\htdocs...', 46)
#1 C:\xampp\htdocs\website_berita_kripto\system\View\View.php(210): include('C:\\xampp\\htdocs...')
#2 C:\xampp\htdocs\website_berita_kripto\system\View\View.php(213): CodeIgniter\View\View->CodeIgniter\View\{closure}()
#3 C:\xampp\htdocs\website_berita_kripto\system\Common.php(1089): CodeIgniter\View\View->render('index', Array, true)
#4 C:\xampp\htdocs\website_berita_kripto\app\Controllers\Home.php(13): view('index')
#5 C:\xampp\htdocs\website_berita_kripto\system\CodeIgniter.php(832): App\Controllers\Home->index()
#6 C:\xampp\htdocs\website_berita_kripto\system\CodeIgniter.php(419): CodeIgniter\CodeIgniter->runController(Object(App\Controllers\Home))
#7 C:\xampp\htdocs\website_berita_kripto\system\CodeIgniter.php(326): CodeIgniter\CodeIgniter->handleRequest(NULL, Object(Config\Cache), false)
#8 C:\xampp\htdocs\website_berita_kripto\index.php(37): CodeIgniter\CodeIgniter->run()
#9 {main}
CRITICAL - 2022-05-25 20:40:33 --> Undefined variable $articles
#0 C:\xampp\htdocs\website_berita_kripto\app\Views\index.php(46): CodeIgniter\Debug\Exceptions->errorHandler(2, 'Undefined varia...', 'C:\\xampp\\htdocs...', 46)
#1 C:\xampp\htdocs\website_berita_kripto\system\View\View.php(210): include('C:\\xampp\\htdocs...')
#2 C:\xampp\htdocs\website_berita_kripto\system\View\View.php(213): CodeIgniter\View\View->CodeIgniter\View\{closure}()
#3 C:\xampp\htdocs\website_berita_kripto\system\Common.php(1089): CodeIgniter\View\View->render('index', Array, true)
#4 C:\xampp\htdocs\website_berita_kripto\app\Controllers\Home.php(13): view('index')
#5 C:\xampp\htdocs\website_berita_kripto\system\CodeIgniter.php(832): App\Controllers\Home->index()
#6 C:\xampp\htdocs\website_berita_kripto\system\CodeIgniter.php(419): CodeIgniter\CodeIgniter->runController(Object(App\Controllers\Home))
#7 C:\xampp\htdocs\website_berita_kripto\system\CodeIgniter.php(326): CodeIgniter\CodeIgniter->handleRequest(NULL, Object(Config\Cache), false)
#8 C:\xampp\htdocs\website_berita_kripto\index.php(37): CodeIgniter\CodeIgniter->run()
#9 {main}
CRITICAL - 2022-05-25 20:44:00 --> Undefined variable $articles
#0 C:\xampp\htdocs\website_berita_kripto\app\Views\index.php(46): CodeIgniter\Debug\Exceptions->errorHandler(2, 'Undefined varia...', 'C:\\xampp\\htdocs...', 46)
#1 C:\xampp\htdocs\website_berita_kripto\system\View\View.php(210): include('C:\\xampp\\htdocs...')
#2 C:\xampp\htdocs\website_berita_kripto\system\View\View.php(213): CodeIgniter\View\View->CodeIgniter\View\{closure}()
#3 C:\xampp\htdocs\website_berita_kripto\system\Common.php(1089): CodeIgniter\View\View->render('index', Array, true)
#4 C:\xampp\htdocs\website_berita_kripto\app\Controllers\Home.php(13): view('index')
#5 C:\xampp\htdocs\website_berita_kripto\system\CodeIgniter.php(832): App\Controllers\Home->index()
#6 C:\xampp\htdocs\website_berita_kripto\system\CodeIgniter.php(419): CodeIgniter\CodeIgniter->runController(Object(App\Controllers\Home))
#7 C:\xampp\htdocs\website_berita_kripto\system\CodeIgniter.php(326): CodeIgniter\CodeIgniter->handleRequest(NULL, Object(Config\Cache), false)
#8 C:\xampp\htdocs\website_berita_kripto\index.php(37): CodeIgniter\CodeIgniter->run()
#9 {main}
CRITICAL - 2022-05-25 20:44:05 --> Undefined variable $articles
#0 C:\xampp\htdocs\website_berita_kripto\app\Views\index.php(46): CodeIgniter\Debug\Exceptions->errorHandler(2, 'Undefined varia...', 'C:\\xampp\\htdocs...', 46)
#1 C:\xampp\htdocs\website_berita_kripto\system\View\View.php(210): include('C:\\xampp\\htdocs...')
#2 C:\xampp\htdocs\website_berita_kripto\system\View\View.php(213): CodeIgniter\View\View->CodeIgniter\View\{closure}()
#3 C:\xampp\htdocs\website_berita_kripto\system\Common.php(1089): CodeIgniter\View\View->render('index', Array, true)
#4 C:\xampp\htdocs\website_berita_kripto\app\Controllers\Home.php(13): view('index')
#5 C:\xampp\htdocs\website_berita_kripto\system\CodeIgniter.php(832): App\Controllers\Home->index()
#6 C:\xampp\htdocs\website_berita_kripto\system\CodeIgniter.php(419): CodeIgniter\CodeIgniter->runController(Object(App\Controllers\Home))
#7 C:\xampp\htdocs\website_berita_kripto\system\CodeIgniter.php(326): CodeIgniter\CodeIgniter->handleRequest(NULL, Object(Config\Cache), false)
#8 C:\xampp\htdocs\website_berita_kripto\index.php(37): CodeIgniter\CodeIgniter->run()
#9 {main}
CRITICAL - 2022-05-25 20:44:18 --> Undefined variable $articles
#0 C:\xampp\htdocs\website_berita_kripto\app\Views\index.php(46): CodeIgniter\Debug\Exceptions->errorHandler(2, 'Undefined varia...', 'C:\\xampp\\htdocs...', 46)
#1 C:\xampp\htdocs\website_berita_kripto\system\View\View.php(210): include('C:\\xampp\\htdocs...')
#2 C:\xampp\htdocs\website_berita_kripto\system\View\View.php(213): CodeIgniter\View\View->CodeIgniter\View\{closure}()
#3 C:\xampp\htdocs\website_berita_kripto\system\Common.php(1089): CodeIgniter\View\View->render('index', Array, true)
#4 C:\xampp\htdocs\website_berita_kripto\app\Controllers\Home.php(13): view('index')
#5 C:\xampp\htdocs\website_berita_kripto\system\CodeIgniter.php(832): App\Controllers\Home->index()
#6 C:\xampp\htdocs\website_berita_kripto\system\CodeIgniter.php(419): CodeIgniter\CodeIgniter->runController(Object(App\Controllers\Home))
#7 C:\xampp\htdocs\website_berita_kripto\system\CodeIgniter.php(326): CodeIgniter\CodeIgniter->handleRequest(NULL, Object(Config\Cache), false)
#8 C:\xampp\htdocs\website_berita_kripto\index.php(37): CodeIgniter\CodeIgniter->run()
#9 {main}
CRITICAL - 2022-05-25 20:44:26 --> Undefined variable $articles
#0 C:\xampp\htdocs\website_berita_kripto\app\Views\index.php(46): CodeIgniter\Debug\Exceptions->errorHandler(2, 'Undefined varia...', 'C:\\xampp\\htdocs...', 46)
#1 C:\xampp\htdocs\website_berita_kripto\system\View\View.php(210): include('C:\\xampp\\htdocs...')
#2 C:\xampp\htdocs\website_berita_kripto\system\View\View.php(213): CodeIgniter\View\View->CodeIgniter\View\{closure}()
#3 C:\xampp\htdocs\website_berita_kripto\system\Common.php(1089): CodeIgniter\View\View->render('index', Array, true)
#4 C:\xampp\htdocs\website_berita_kripto\app\Controllers\Home.php(13): view('index')
#5 C:\xampp\htdocs\website_berita_kripto\system\CodeIgniter.php(832): App\Controllers\Home->index()
#6 C:\xampp\htdocs\website_berita_kripto\system\CodeIgniter.php(419): CodeIgniter\CodeIgniter->runController(Object(App\Controllers\Home))
#7 C:\xampp\htdocs\website_berita_kripto\system\CodeIgniter.php(326): CodeIgniter\CodeIgniter->handleRequest(NULL, Object(Config\Cache), false)
#8 C:\xampp\htdocs\website_berita_kripto\index.php(37): CodeIgniter\CodeIgniter->run()
#9 {main}
CRITICAL - 2022-05-25 20:44:37 --> Undefined variable $articles
#0 C:\xampp\htdocs\website_berita_kripto\app\Views\index.php(46): CodeIgniter\Debug\Exceptions->errorHandler(2, 'Undefined varia...', 'C:\\xampp\\htdocs...', 46)
#1 C:\xampp\htdocs\website_berita_kripto\system\View\View.php(210): include('C:\\xampp\\htdocs...')
#2 C:\xampp\htdocs\website_berita_kripto\system\View\View.php(213): CodeIgniter\View\View->CodeIgniter\View\{closure}()
#3 C:\xampp\htdocs\website_berita_kripto\system\Common.php(1089): CodeIgniter\View\View->render('index', Array, true)
#4 C:\xampp\htdocs\website_berita_kripto\app\Controllers\Home.php(13): view('index')
#5 C:\xampp\htdocs\website_berita_kripto\system\CodeIgniter.php(832): App\Controllers\Home->index()
#6 C:\xampp\htdocs\website_berita_kripto\system\CodeIgniter.php(419): CodeIgniter\CodeIgniter->runController(Object(App\Controllers\Home))
#7 C:\xampp\htdocs\website_berita_kripto\system\CodeIgniter.php(326): CodeIgniter\CodeIgniter->handleRequest(NULL, Object(Config\Cache), false)
#8 C:\xampp\htdocs\website_berita_kripto\index.php(37): CodeIgniter\CodeIgniter->run()
#9 {main}
CRITICAL - 2022-05-25 20:45:46 --> Undefined variable $articles
#0 C:\xampp\htdocs\website_berita_kripto\app\Views\index.php(46): CodeIgniter\Debug\Exceptions->errorHandler(2, 'Undefined varia...', 'C:\\xampp\\htdocs...', 46)
#1 C:\xampp\htdocs\website_berita_kripto\system\View\View.php(210): include('C:\\xampp\\htdocs...')
#2 C:\xampp\htdocs\website_berita_kripto\system\View\View.php(213): CodeIgniter\View\View->CodeIgniter\View\{closure}()
#3 C:\xampp\htdocs\website_berita_kripto\system\Common.php(1089): CodeIgniter\View\View->render('index', Array, true)
#4 C:\xampp\htdocs\website_berita_kripto\app\Controllers\Home.php(13): view('index')
#5 C:\xampp\htdocs\website_berita_kripto\system\CodeIgniter.php(832): App\Controllers\Home->index()
#6 C:\xampp\htdocs\website_berita_kripto\system\CodeIgniter.php(419): CodeIgniter\CodeIgniter->runController(Object(App\Controllers\Home))
#7 C:\xampp\htdocs\website_berita_kripto\system\CodeIgniter.php(326): CodeIgniter\CodeIgniter->handleRequest(NULL, Object(Config\Cache), false)
#8 C:\xampp\htdocs\website_berita_kripto\index.php(37): CodeIgniter\CodeIgniter->run()
#9 {main}
CRITICAL - 2022-05-25 20:45:52 --> Undefined variable $articles
#0 C:\xampp\htdocs\website_berita_kripto\app\Views\index.php(46): CodeIgniter\Debug\Exceptions->errorHandler(2, 'Undefined varia...', 'C:\\xampp\\htdocs...', 46)
#1 C:\xampp\htdocs\website_berita_kripto\system\View\View.php(210): include('C:\\xampp\\htdocs...')
#2 C:\xampp\htdocs\website_berita_kripto\system\View\View.php(213): CodeIgniter\View\View->CodeIgniter\View\{closure}()
#3 C:\xampp\htdocs\website_berita_kripto\system\Common.php(1089): CodeIgniter\View\View->render('index', Array, true)
#4 C:\xampp\htdocs\website_berita_kripto\app\Controllers\Home.php(13): view('index')
#5 C:\xampp\htdocs\website_berita_kripto\system\CodeIgniter.php(832): App\Controllers\Home->index()
#6 C:\xampp\htdocs\website_berita_kripto\system\CodeIgniter.php(419): CodeIgniter\CodeIgniter->runController(Object(App\Controllers\Home))
#7 C:\xampp\htdocs\website_berita_kripto\system\CodeIgniter.php(326): CodeIgniter\CodeIgniter->handleRequest(NULL, Object(Config\Cache), false)
#8 C:\xampp\htdocs\website_berita_kripto\index.php(37): CodeIgniter\CodeIgniter->run()
#9 {main}
CRITICAL - 2022-05-25 20:45:53 --> Undefined variable $articles
#0 C:\xampp\htdocs\website_berita_kripto\app\Views\index.php(46): CodeIgniter\Debug\Exceptions->errorHandler(2, 'Undefined varia...', 'C:\\xampp\\htdocs...', 46)
#1 C:\xampp\htdocs\website_berita_kripto\system\View\View.php(210): include('C:\\xampp\\htdocs...')
#2 C:\xampp\htdocs\website_berita_kripto\system\View\View.php(213): CodeIgniter\View\View->CodeIgniter\View\{closure}()
#3 C:\xampp\htdocs\website_berita_kripto\system\Common.php(1089): CodeIgniter\View\View->render('index', Array, true)
#4 C:\xampp\htdocs\website_berita_kripto\app\Controllers\Home.php(13): view('index')
#5 C:\xampp\htdocs\website_berita_kripto\system\CodeIgniter.php(832): App\Controllers\Home->index()
#6 C:\xampp\htdocs\website_berita_kripto\system\CodeIgniter.php(419): CodeIgniter\CodeIgniter->runController(Object(App\Controllers\Home))
#7 C:\xampp\htdocs\website_berita_kripto\system\CodeIgniter.php(326): CodeIgniter\CodeIgniter->handleRequest(NULL, Object(Config\Cache), false)
#8 C:\xampp\htdocs\website_berita_kripto\index.php(37): CodeIgniter\CodeIgniter->run()
#9 {main}
CRITICAL - 2022-05-25 20:45:53 --> Undefined variable $articles
#0 C:\xampp\htdocs\website_berita_kripto\app\Views\index.php(46): CodeIgniter\Debug\Exceptions->errorHandler(2, 'Undefined varia...', 'C:\\xampp\\htdocs...', 46)
#1 C:\xampp\htdocs\website_berita_kripto\system\View\View.php(210): include('C:\\xampp\\htdocs...')
#2 C:\xampp\htdocs\website_berita_kripto\system\View\View.php(213): CodeIgniter\View\View->CodeIgniter\View\{closure}()
#3 C:\xampp\htdocs\website_berita_kripto\system\Common.php(1089): CodeIgniter\View\View->render('index', Array, true)
#4 C:\xampp\htdocs\website_berita_kripto\app\Controllers\Home.php(13): view('index')
#5 C:\xampp\htdocs\website_berita_kripto\system\CodeIgniter.php(832): App\Controllers\Home->index()
#6 C:\xampp\htdocs\website_berita_kripto\system\CodeIgniter.php(419): CodeIgniter\CodeIgniter->runController(Object(App\Controllers\Home))
#7 C:\xampp\htdocs\website_berita_kripto\system\CodeIgniter.php(326): CodeIgniter\CodeIgniter->handleRequest(NULL, Object(Config\Cache), false)
#8 C:\xampp\htdocs\website_berita_kripto\index.php(37): CodeIgniter\CodeIgniter->run()
#9 {main}
CRITICAL - 2022-05-25 20:45:53 --> Undefined variable $articles
#0 C:\xampp\htdocs\website_berita_kripto\app\Views\index.php(46): CodeIgniter\Debug\Exceptions->errorHandler(2, 'Undefined varia...', 'C:\\xampp\\htdocs...', 46)
#1 C:\xampp\htdocs\website_berita_kripto\system\View\View.php(210): include('C:\\xampp\\htdocs...')
#2 C:\xampp\htdocs\website_berita_kripto\system\View\View.php(213): CodeIgniter\View\View->CodeIgniter\View\{closure}()
#3 C:\xampp\htdocs\website_berita_kripto\system\Common.php(1089): CodeIgniter\View\View->render('index', Array, true)
#4 C:\xampp\htdocs\website_berita_kripto\app\Controllers\Home.php(13): view('index')
#5 C:\xampp\htdocs\website_berita_kripto\system\CodeIgniter.php(832): App\Controllers\Home->index()
#6 C:\xampp\htdocs\website_berita_kripto\system\CodeIgniter.php(419): CodeIgniter\CodeIgniter->runController(Object(App\Controllers\Home))
#7 C:\xampp\htdocs\website_berita_kripto\system\CodeIgniter.php(326): CodeIgniter\CodeIgniter->handleRequest(NULL, Object(Config\Cache), false)
#8 C:\xampp\htdocs\website_berita_kripto\index.php(37): CodeIgniter\CodeIgniter->run()
#9 {main}
CRITICAL - 2022-05-25 20:45:53 --> Undefined variable $articles
#0 C:\xampp\htdocs\website_berita_kripto\app\Views\index.php(46): CodeIgniter\Debug\Exceptions->errorHandler(2, 'Undefined varia...', 'C:\\xampp\\htdocs...', 46)
#1 C:\xampp\htdocs\website_berita_kripto\system\View\View.php(210): include('C:\\xampp\\htdocs...')
#2 C:\xampp\htdocs\website_berita_kripto\system\View\View.php(213): CodeIgniter\View\View->CodeIgniter\View\{closure}()
#3 C:\xampp\htdocs\website_berita_kripto\system\Common.php(1089): CodeIgniter\View\View->render('index', Array, true)
#4 C:\xampp\htdocs\website_berita_kripto\app\Controllers\Home.php(13): view('index')
#5 C:\xampp\htdocs\website_berita_kripto\system\CodeIgniter.php(832): App\Controllers\Home->index()
#6 C:\xampp\htdocs\website_berita_kripto\system\CodeIgniter.php(419): CodeIgniter\CodeIgniter->runController(Object(App\Controllers\Home))
#7 C:\xampp\htdocs\website_berita_kripto\system\CodeIgniter.php(326): CodeIgniter\CodeIgniter->handleRequest(NULL, Object(Config\Cache), false)
#8 C:\xampp\htdocs\website_berita_kripto\index.php(37): CodeIgniter\CodeIgniter->run()
#9 {main}
CRITICAL - 2022-05-25 20:45:54 --> Undefined variable $articles
#0 C:\xampp\htdocs\website_berita_kripto\app\Views\index.php(46): CodeIgniter\Debug\Exceptions->errorHandler(2, 'Undefined varia...', 'C:\\xampp\\htdocs...', 46)
#1 C:\xampp\htdocs\website_berita_kripto\system\View\View.php(210): include('C:\\xampp\\htdocs...')
#2 C:\xampp\htdocs\website_berita_kripto\system\View\View.php(213): CodeIgniter\View\View->CodeIgniter\View\{closure}()
#3 C:\xampp\htdocs\website_berita_kripto\system\Common.php(1089): CodeIgniter\View\View->render('index', Array, true)
#4 C:\xampp\htdocs\website_berita_kripto\app\Controllers\Home.php(13): view('index')
#5 C:\xampp\htdocs\website_berita_kripto\system\CodeIgniter.php(832): App\Controllers\Home->index()
#6 C:\xampp\htdocs\website_berita_kripto\system\CodeIgniter.php(419): CodeIgniter\CodeIgniter->runController(Object(App\Controllers\Home))
#7 C:\xampp\htdocs\website_berita_kripto\system\CodeIgniter.php(326): CodeIgniter\CodeIgniter->handleRequest(NULL, Object(Config\Cache), false)
#8 C:\xampp\htdocs\website_berita_kripto\index.php(37): CodeIgniter\CodeIgniter->run()
#9 {main}
CRITICAL - 2022-05-25 20:45:54 --> Undefined variable $articles
#0 C:\xampp\htdocs\website_berita_kripto\app\Views\index.php(46): CodeIgniter\Debug\Exceptions->errorHandler(2, 'Undefined varia...', 'C:\\xampp\\htdocs...', 46)
#1 C:\xampp\htdocs\website_berita_kripto\system\View\View.php(210): include('C:\\xampp\\htdocs...')
#2 C:\xampp\htdocs\website_berita_kripto\system\View\View.php(213): CodeIgniter\View\View->CodeIgniter\View\{closure}()
#3 C:\xampp\htdocs\website_berita_kripto\system\Common.php(1089): CodeIgniter\View\View->render('index', Array, true)
#4 C:\xampp\htdocs\website_berita_kripto\app\Controllers\Home.php(13): view('index')
#5 C:\xampp\htdocs\website_berita_kripto\system\CodeIgniter.php(832): App\Controllers\Home->index()
#6 C:\xampp\htdocs\website_berita_kripto\system\CodeIgniter.php(419): CodeIgniter\CodeIgniter->runController(Object(App\Controllers\Home))
#7 C:\xampp\htdocs\website_berita_kripto\system\CodeIgniter.php(326): CodeIgniter\CodeIgniter->handleRequest(NULL, Object(Config\Cache), false)
#8 C:\xampp\htdocs\website_berita_kripto\index.php(37): CodeIgniter\CodeIgniter->run()
#9 {main}
CRITICAL - 2022-05-25 20:45:54 --> Undefined variable $articles
#0 C:\xampp\htdocs\website_berita_kripto\app\Views\index.php(46): CodeIgniter\Debug\Exceptions->errorHandler(2, 'Undefined varia...', 'C:\\xampp\\htdocs...', 46)
#1 C:\xampp\htdocs\website_berita_kripto\system\View\View.php(210): include('C:\\xampp\\htdocs...')
#2 C:\xampp\htdocs\website_berita_kripto\system\View\View.php(213): CodeIgniter\View\View->CodeIgniter\View\{closure}()
#3 C:\xampp\htdocs\website_berita_kripto\system\Common.php(1089): CodeIgniter\View\View->render('index', Array, true)
#4 C:\xampp\htdocs\website_berita_kripto\app\Controllers\Home.php(13): view('index')
#5 C:\xampp\htdocs\website_berita_kripto\system\CodeIgniter.php(832): App\Controllers\Home->index()
#6 C:\xampp\htdocs\website_berita_kripto\system\CodeIgniter.php(419): CodeIgniter\CodeIgniter->runController(Object(App\Controllers\Home))
#7 C:\xampp\htdocs\website_berita_kripto\system\CodeIgniter.php(326): CodeIgniter\CodeIgniter->handleRequest(NULL, Object(Config\Cache), false)
#8 C:\xampp\htdocs\website_berita_kripto\index.php(37): CodeIgniter\CodeIgniter->run()
#9 {main}
CRITICAL - 2022-05-25 20:47:35 --> Undefined variable $articles
#0 C:\xampp\htdocs\website_berita_kripto\app\Views\index.php(46): CodeIgniter\Debug\Exceptions->errorHandler(2, 'Undefined varia...', 'C:\\xampp\\htdocs...', 46)
#1 C:\xampp\htdocs\website_berita_kripto\system\View\View.php(210): include('C:\\xampp\\htdocs...')
#2 C:\xampp\htdocs\website_berita_kripto\system\View\View.php(213): CodeIgniter\View\View->CodeIgniter\View\{closure}()
#3 C:\xampp\htdocs\website_berita_kripto\system\Common.php(1089): CodeIgniter\View\View->render('index', Array, true)
#4 C:\xampp\htdocs\website_berita_kripto\app\Controllers\Home.php(13): view('index')
#5 C:\xampp\htdocs\website_berita_kripto\system\CodeIgniter.php(832): App\Controllers\Home->index()
#6 C:\xampp\htdocs\website_berita_kripto\system\CodeIgniter.php(419): CodeIgniter\CodeIgniter->runController(Object(App\Controllers\Home))
#7 C:\xampp\htdocs\website_berita_kripto\system\CodeIgniter.php(326): CodeIgniter\CodeIgniter->handleRequest(NULL, Object(Config\Cache), false)
#8 C:\xampp\htdocs\website_berita_kripto\index.php(37): CodeIgniter\CodeIgniter->run()
#9 {main}
CRITICAL - 2022-05-25 20:47:58 --> Undefined variable $articles
#0 C:\xampp\htdocs\website_berita_kripto\app\Views\index.php(46): CodeIgniter\Debug\Exceptions->errorHandler(2, 'Undefined varia...', 'C:\\xampp\\htdocs...', 46)
#1 C:\xampp\htdocs\website_berita_kripto\system\View\View.php(210): include('C:\\xampp\\htdocs...')
#2 C:\xampp\htdocs\website_berita_kripto\system\View\View.php(213): CodeIgniter\View\View->CodeIgniter\View\{closure}()
#3 C:\xampp\htdocs\website_berita_kripto\system\Common.php(1089): CodeIgniter\View\View->render('index', Array, true)
#4 C:\xampp\htdocs\website_berita_kripto\app\Controllers\Home.php(13): view('index')
#5 C:\xampp\htdocs\website_berita_kripto\system\CodeIgniter.php(832): App\Controllers\Home->index()
#6 C:\xampp\htdocs\website_berita_kripto\system\CodeIgniter.php(419): CodeIgniter\CodeIgniter->runController(Object(App\Controllers\Home))
#7 C:\xampp\htdocs\website_berita_kripto\system\CodeIgniter.php(326): CodeIgniter\CodeIgniter->handleRequest(NULL, Object(Config\Cache), false)
#8 C:\xampp\htdocs\website_berita_kripto\index.php(37): CodeIgniter\CodeIgniter->run()
#9 {main}
CRITICAL - 2022-05-25 20:48:01 --> Undefined variable $articles
#0 C:\xampp\htdocs\website_berita_kripto\app\Views\index.php(46): CodeIgniter\Debug\Exceptions->errorHandler(2, 'Undefined varia...', 'C:\\xampp\\htdocs...', 46)
#1 C:\xampp\htdocs\website_berita_kripto\system\View\View.php(210): include('C:\\xampp\\htdocs...')
#2 C:\xampp\htdocs\website_berita_kripto\system\View\View.php(213): CodeIgniter\View\View->CodeIgniter\View\{closure}()
#3 C:\xampp\htdocs\website_berita_kripto\system\Common.php(1089): CodeIgniter\View\View->render('index', Array, true)
#4 C:\xampp\htdocs\website_berita_kripto\app\Controllers\Home.php(13): view('index')
#5 C:\xampp\htdocs\website_berita_kripto\system\CodeIgniter.php(832): App\Controllers\Home->index()
#6 C:\xampp\htdocs\website_berita_kripto\system\CodeIgniter.php(419): CodeIgniter\CodeIgniter->runController(Object(App\Controllers\Home))
#7 C:\xampp\htdocs\website_berita_kripto\system\CodeIgniter.php(326): CodeIgniter\CodeIgniter->handleRequest(NULL, Object(Config\Cache), false)
#8 C:\xampp\htdocs\website_berita_kripto\index.php(37): CodeIgniter\CodeIgniter->run()
#9 {main}
CRITICAL - 2022-05-25 20:48:02 --> Undefined variable $articles
#0 C:\xampp\htdocs\website_berita_kripto\app\Views\index.php(46): CodeIgniter\Debug\Exceptions->errorHandler(2, 'Undefined varia...', 'C:\\xampp\\htdocs...', 46)
#1 C:\xampp\htdocs\website_berita_kripto\system\View\View.php(210): include('C:\\xampp\\htdocs...')
#2 C:\xampp\htdocs\website_berita_kripto\system\View\View.php(213): CodeIgniter\View\View->CodeIgniter\View\{closure}()
#3 C:\xampp\htdocs\website_berita_kripto\system\Common.php(1089): CodeIgniter\View\View->render('index', Array, true)
#4 C:\xampp\htdocs\website_berita_kripto\app\Controllers\Home.php(13): view('index')
#5 C:\xampp\htdocs\website_berita_kripto\system\CodeIgniter.php(832): App\Controllers\Home->index()
#6 C:\xampp\htdocs\website_berita_kripto\system\CodeIgniter.php(419): CodeIgniter\CodeIgniter->runController(Object(App\Controllers\Home))
#7 C:\xampp\htdocs\website_berita_kripto\system\CodeIgniter.php(326): CodeIgniter\CodeIgniter->handleRequest(NULL, Object(Config\Cache), false)
#8 C:\xampp\htdocs\website_berita_kripto\index.php(37): CodeIgniter\CodeIgniter->run()
#9 {main}
CRITICAL - 2022-05-25 20:48:21 --> Undefined variable $articles
#0 C:\xampp\htdocs\website_berita_kripto\app\Views\index.php(46): CodeIgniter\Debug\Exceptions->errorHandler(2, 'Undefined varia...', 'C:\\xampp\\htdocs...', 46)
#1 C:\xampp\htdocs\website_berita_kripto\system\View\View.php(210): include('C:\\xampp\\htdocs...')
#2 C:\xampp\htdocs\website_berita_kripto\system\View\View.php(213): CodeIgniter\View\View->CodeIgniter\View\{closure}()
#3 C:\xampp\htdocs\website_berita_kripto\system\Common.php(1089): CodeIgniter\View\View->render('index', Array, true)
#4 C:\xampp\htdocs\website_berita_kripto\app\Controllers\Home.php(13): view('index')
#5 C:\xampp\htdocs\website_berita_kripto\system\CodeIgniter.php(832): App\Controllers\Home->index()
#6 C:\xampp\htdocs\website_berita_kripto\system\CodeIgniter.php(419): CodeIgniter\CodeIgniter->runController(Object(App\Controllers\Home))
#7 C:\xampp\htdocs\website_berita_kripto\system\CodeIgniter.php(326): CodeIgniter\CodeIgniter->handleRequest(NULL, Object(Config\Cache), false)
#8 C:\xampp\htdocs\website_berita_kripto\index.php(37): CodeIgniter\CodeIgniter->run()
#9 {main}
CRITICAL - 2022-05-25 20:48:23 --> Undefined variable $articles
#0 C:\xampp\htdocs\website_berita_kripto\app\Views\index.php(46): CodeIgniter\Debug\Exceptions->errorHandler(2, 'Undefined varia...', 'C:\\xampp\\htdocs...', 46)
#1 C:\xampp\htdocs\website_berita_kripto\system\View\View.php(210): include('C:\\xampp\\htdocs...')
#2 C:\xampp\htdocs\website_berita_kripto\system\View\View.php(213): CodeIgniter\View\View->CodeIgniter\View\{closure}()
#3 C:\xampp\htdocs\website_berita_kripto\system\Common.php(1089): CodeIgniter\View\View->render('index', Array, true)
#4 C:\xampp\htdocs\website_berita_kripto\app\Controllers\Home.php(13): view('index')
#5 C:\xampp\htdocs\website_berita_kripto\system\CodeIgniter.php(832): App\Controllers\Home->index()
#6 C:\xampp\htdocs\website_berita_kripto\system\CodeIgniter.php(419): CodeIgniter\CodeIgniter->runController(Object(App\Controllers\Home))
#7 C:\xampp\htdocs\website_berita_kripto\system\CodeIgniter.php(326): CodeIgniter\CodeIgniter->handleRequest(NULL, Object(Config\Cache), false)
#8 C:\xampp\htdocs\website_berita_kripto\index.php(37): CodeIgniter\CodeIgniter->run()
#9 {main}
CRITICAL - 2022-05-25 20:48:23 --> Undefined variable $articles
#0 C:\xampp\htdocs\website_berita_kripto\app\Views\index.php(46): CodeIgniter\Debug\Exceptions->errorHandler(2, 'Undefined varia...', 'C:\\xampp\\htdocs...', 46)
#1 C:\xampp\htdocs\website_berita_kripto\system\View\View.php(210): include('C:\\xampp\\htdocs...')
#2 C:\xampp\htdocs\website_berita_kripto\system\View\View.php(213): CodeIgniter\View\View->CodeIgniter\View\{closure}()
#3 C:\xampp\htdocs\website_berita_kripto\system\Common.php(1089): CodeIgniter\View\View->render('index', Array, true)
#4 C:\xampp\htdocs\website_berita_kripto\app\Controllers\Home.php(13): view('index')
#5 C:\xampp\htdocs\website_berita_kripto\system\CodeIgniter.php(832): App\Controllers\Home->index()
#6 C:\xampp\htdocs\website_berita_kripto\system\CodeIgniter.php(419): CodeIgniter\CodeIgniter->runController(Object(App\Controllers\Home))
#7 C:\xampp\htdocs\website_berita_kripto\system\CodeIgniter.php(326): CodeIgniter\CodeIgniter->handleRequest(NULL, Object(Config\Cache), false)
#8 C:\xampp\htdocs\website_berita_kripto\index.php(37): CodeIgniter\CodeIgniter->run()
#9 {main}
CRITICAL - 2022-05-25 20:48:24 --> Undefined variable $articles
#0 C:\xampp\htdocs\website_berita_kripto\app\Views\index.php(46): CodeIgniter\Debug\Exceptions->errorHandler(2, 'Undefined varia...', 'C:\\xampp\\htdocs...', 46)
#1 C:\xampp\htdocs\website_berita_kripto\system\View\View.php(210): include('C:\\xampp\\htdocs...')
#2 C:\xampp\htdocs\website_berita_kripto\system\View\View.php(213): CodeIgniter\View\View->CodeIgniter\View\{closure}()
#3 C:\xampp\htdocs\website_berita_kripto\system\Common.php(1089): CodeIgniter\View\View->render('index', Array, true)
#4 C:\xampp\htdocs\website_berita_kripto\app\Controllers\Home.php(13): view('index')
#5 C:\xampp\htdocs\website_berita_kripto\system\CodeIgniter.php(832): App\Controllers\Home->index()
#6 C:\xampp\htdocs\website_berita_kripto\system\CodeIgniter.php(419): CodeIgniter\CodeIgniter->runController(Object(App\Controllers\Home))
#7 C:\xampp\htdocs\website_berita_kripto\system\CodeIgniter.php(326): CodeIgniter\CodeIgniter->handleRequest(NULL, Object(Config\Cache), false)
#8 C:\xampp\htdocs\website_berita_kripto\index.php(37): CodeIgniter\CodeIgniter->run()
#9 {main}
CRITICAL - 2022-05-25 20:48:24 --> Undefined variable $articles
#0 C:\xampp\htdocs\website_berita_kripto\app\Views\index.php(46): CodeIgniter\Debug\Exceptions->errorHandler(2, 'Undefined varia...', 'C:\\xampp\\htdocs...', 46)
#1 C:\xampp\htdocs\website_berita_kripto\system\View\View.php(210): include('C:\\xampp\\htdocs...')
#2 C:\xampp\htdocs\website_berita_kripto\system\View\View.php(213): CodeIgniter\View\View->CodeIgniter\View\{closure}()
#3 C:\xampp\htdocs\website_berita_kripto\system\Common.php(1089): CodeIgniter\View\View->render('index', Array, true)
#4 C:\xampp\htdocs\website_berita_kripto\app\Controllers\Home.php(13): view('index')
#5 C:\xampp\htdocs\website_berita_kripto\system\CodeIgniter.php(832): App\Controllers\Home->index()
#6 C:\xampp\htdocs\website_berita_kripto\system\CodeIgniter.php(419): CodeIgniter\CodeIgniter->runController(Object(App\Controllers\Home))
#7 C:\xampp\htdocs\website_berita_kripto\system\CodeIgniter.php(326): CodeIgniter\CodeIgniter->handleRequest(NULL, Object(Config\Cache), false)
#8 C:\xampp\htdocs\website_berita_kripto\index.php(37): CodeIgniter\CodeIgniter->run()
#9 {main}
CRITICAL - 2022-05-25 20:48:24 --> Undefined variable $articles
#0 C:\xampp\htdocs\website_berita_kripto\app\Views\index.php(46): CodeIgniter\Debug\Exceptions->errorHandler(2, 'Undefined varia...', 'C:\\xampp\\htdocs...', 46)
#1 C:\xampp\htdocs\website_berita_kripto\system\View\View.php(210): include('C:\\xampp\\htdocs...')
#2 C:\xampp\htdocs\website_berita_kripto\system\View\View.php(213): CodeIgniter\View\View->CodeIgniter\View\{closure}()
#3 C:\xampp\htdocs\website_berita_kripto\system\Common.php(1089): CodeIgniter\View\View->render('index', Array, true)
#4 C:\xampp\htdocs\website_berita_kripto\app\Controllers\Home.php(13): view('index')
#5 C:\xampp\htdocs\website_berita_kripto\system\CodeIgniter.php(832): App\Controllers\Home->index()
#6 C:\xampp\htdocs\website_berita_kripto\system\CodeIgniter.php(419): CodeIgniter\CodeIgniter->runController(Object(App\Controllers\Home))
#7 C:\xampp\htdocs\website_berita_kripto\system\CodeIgniter.php(326): CodeIgniter\CodeIgniter->handleRequest(NULL, Object(Config\Cache), false)
#8 C:\xampp\htdocs\website_berita_kripto\index.php(37): CodeIgniter\CodeIgniter->run()
#9 {main}
CRITICAL - 2022-05-25 20:48:24 --> Undefined variable $articles
#0 C:\xampp\htdocs\website_berita_kripto\app\Views\index.php(46): CodeIgniter\Debug\Exceptions->errorHandler(2, 'Undefined varia...', 'C:\\xampp\\htdocs...', 46)
#1 C:\xampp\htdocs\website_berita_kripto\system\View\View.php(210): include('C:\\xampp\\htdocs...')
#2 C:\xampp\htdocs\website_berita_kripto\system\View\View.php(213): CodeIgniter\View\View->CodeIgniter\View\{closure}()
#3 C:\xampp\htdocs\website_berita_kripto\system\Common.php(1089): CodeIgniter\View\View->render('index', Array, true)
#4 C:\xampp\htdocs\website_berita_kripto\app\Controllers\Home.php(13): view('index')
#5 C:\xampp\htdocs\website_berita_kripto\system\CodeIgniter.php(832): App\Controllers\Home->index()
#6 C:\xampp\htdocs\website_berita_kripto\system\CodeIgniter.php(419): CodeIgniter\CodeIgniter->runController(Object(App\Controllers\Home))
#7 C:\xampp\htdocs\website_berita_kripto\system\CodeIgniter.php(326): CodeIgniter\CodeIgniter->handleRequest(NULL, Object(Config\Cache), false)
#8 C:\xampp\htdocs\website_berita_kripto\index.php(37): CodeIgniter\CodeIgniter->run()
#9 {main}
CRITICAL - 2022-05-25 20:48:24 --> Undefined variable $articles
#0 C:\xampp\htdocs\website_berita_kripto\app\Views\index.php(46): CodeIgniter\Debug\Exceptions->errorHandler(2, 'Undefined varia...', 'C:\\xampp\\htdocs...', 46)
#1 C:\xampp\htdocs\website_berita_kripto\system\View\View.php(210): include('C:\\xampp\\htdocs...')
#2 C:\xampp\htdocs\website_berita_kripto\system\View\View.php(213): CodeIgniter\View\View->CodeIgniter\View\{closure}()
#3 C:\xampp\htdocs\website_berita_kripto\system\Common.php(1089): CodeIgniter\View\View->render('index', Array, true)
#4 C:\xampp\htdocs\website_berita_kripto\app\Controllers\Home.php(13): view('index')
#5 C:\xampp\htdocs\website_berita_kripto\system\CodeIgniter.php(832): App\Controllers\Home->index()
#6 C:\xampp\htdocs\website_berita_kripto\system\CodeIgniter.php(419): CodeIgniter\CodeIgniter->runController(Object(App\Controllers\Home))
#7 C:\xampp\htdocs\website_berita_kripto\system\CodeIgniter.php(326): CodeIgniter\CodeIgniter->handleRequest(NULL, Object(Config\Cache), false)
#8 C:\xampp\htdocs\website_berita_kripto\index.php(37): CodeIgniter\CodeIgniter->run()
#9 {main}
CRITICAL - 2022-05-25 20:48:25 --> Undefined variable $articles
#0 C:\xampp\htdocs\website_berita_kripto\app\Views\index.php(46): CodeIgniter\Debug\Exceptions->errorHandler(2, 'Undefined varia...', 'C:\\xampp\\htdocs...', 46)
#1 C:\xampp\htdocs\website_berita_kripto\system\View\View.php(210): include('C:\\xampp\\htdocs...')
#2 C:\xampp\htdocs\website_berita_kripto\system\View\View.php(213): CodeIgniter\View\View->CodeIgniter\View\{closure}()
#3 C:\xampp\htdocs\website_berita_kripto\system\Common.php(1089): CodeIgniter\View\View->render('index', Array, true)
#4 C:\xampp\htdocs\website_berita_kripto\app\Controllers\Home.php(13): view('index')
#5 C:\xampp\htdocs\website_berita_kripto\system\CodeIgniter.php(832): App\Controllers\Home->index()
#6 C:\xampp\htdocs\website_berita_kripto\system\CodeIgniter.php(419): CodeIgniter\CodeIgniter->runController(Object(App\Controllers\Home))
#7 C:\xampp\htdocs\website_berita_kripto\system\CodeIgniter.php(326): CodeIgniter\CodeIgniter->handleRequest(NULL, Object(Config\Cache), false)
#8 C:\xampp\htdocs\website_berita_kripto\index.php(37): CodeIgniter\CodeIgniter->run()
#9 {main}
CRITICAL - 2022-05-25 20:50:57 --> Undefined variable $articles
#0 C:\xampp\htdocs\website_berita_kripto\app\Views\index.php(46): CodeIgniter\Debug\Exceptions->errorHandler(2, 'Undefined varia...', 'C:\\xampp\\htdocs...', 46)
#1 C:\xampp\htdocs\website_berita_kripto\system\View\View.php(210): include('C:\\xampp\\htdocs...')
#2 C:\xampp\htdocs\website_berita_kripto\system\View\View.php(213): CodeIgniter\View\View->CodeIgniter\View\{closure}()
#3 C:\xampp\htdocs\website_berita_kripto\system\Common.php(1089): CodeIgniter\View\View->render('index', Array, true)
#4 C:\xampp\htdocs\website_berita_kripto\app\Controllers\Home.php(13): view('index')
#5 C:\xampp\htdocs\website_berita_kripto\system\CodeIgniter.php(832): App\Controllers\Home->index()
#6 C:\xampp\htdocs\website_berita_kripto\system\CodeIgniter.php(419): CodeIgniter\CodeIgniter->runController(Object(App\Controllers\Home))
#7 C:\xampp\htdocs\website_berita_kripto\system\CodeIgniter.php(326): CodeIgniter\CodeIgniter->handleRequest(NULL, Object(Config\Cache), false)
#8 C:\xampp\htdocs\website_berita_kripto\index.php(37): CodeIgniter\CodeIgniter->run()
#9 {main}
CRITICAL - 2022-05-25 20:51:23 --> Undefined variable $articles
#0 C:\xampp\htdocs\website_berita_kripto\app\Views\index.php(46): CodeIgniter\Debug\Exceptions->errorHandler(2, 'Undefined varia...', 'C:\\xampp\\htdocs...', 46)
#1 C:\xampp\htdocs\website_berita_kripto\system\View\View.php(210): include('C:\\xampp\\htdocs...')
#2 C:\xampp\htdocs\website_berita_kripto\system\View\View.php(213): CodeIgniter\View\View->CodeIgniter\View\{closure}()
#3 C:\xampp\htdocs\website_berita_kripto\system\Common.php(1089): CodeIgniter\View\View->render('index', Array, true)
#4 C:\xampp\htdocs\website_berita_kripto\app\Controllers\Home.php(13): view('index')
#5 C:\xampp\htdocs\website_berita_kripto\system\CodeIgniter.php(832): App\Controllers\Home->index()
#6 C:\xampp\htdocs\website_berita_kripto\system\CodeIgniter.php(419): CodeIgniter\CodeIgniter->runController(Object(App\Controllers\Home))
#7 C:\xampp\htdocs\website_berita_kripto\system\CodeIgniter.php(326): CodeIgniter\CodeIgniter->handleRequest(NULL, Object(Config\Cache), false)
#8 C:\xampp\htdocs\website_berita_kripto\index.php(37): CodeIgniter\CodeIgniter->run()
#9 {main}
CRITICAL - 2022-05-25 20:54:23 --> Undefined variable $articles
#0 C:\xampp\htdocs\website_berita_kripto\app\Views\index.php(46): CodeIgniter\Debug\Exceptions->errorHandler(2, 'Undefined varia...', 'C:\\xampp\\htdocs...', 46)
#1 C:\xampp\htdocs\website_berita_kripto\system\View\View.php(210): include('C:\\xampp\\htdocs...')
#2 C:\xampp\htdocs\website_berita_kripto\system\View\View.php(213): CodeIgniter\View\View->CodeIgniter\View\{closure}()
#3 C:\xampp\htdocs\website_berita_kripto\system\Common.php(1089): CodeIgniter\View\View->render('index', Array, true)
#4 C:\xampp\htdocs\website_berita_kripto\app\Controllers\Home.php(13): view('index')
#5 C:\xampp\htdocs\website_berita_kripto\system\CodeIgniter.php(832): App\Controllers\Home->index()
#6 C:\xampp\htdocs\website_berita_kripto\system\CodeIgniter.php(419): CodeIgniter\CodeIgniter->runController(Object(App\Controllers\Home))
#7 C:\xampp\htdocs\website_berita_kripto\system\CodeIgniter.php(326): CodeIgniter\CodeIgniter->handleRequest(NULL, Object(Config\Cache), false)
#8 C:\xampp\htdocs\website_berita_kripto\index.php(37): CodeIgniter\CodeIgniter->run()
#9 {main}
CRITICAL - 2022-05-25 20:57:27 --> Undefined variable $articles
#0 C:\xampp\htdocs\website_berita_kripto\app\Views\index.php(46): CodeIgniter\Debug\Exceptions->errorHandler(2, 'Undefined varia...', 'C:\\xampp\\htdocs...', 46)
#1 C:\xampp\htdocs\website_berita_kripto\system\View\View.php(210): include('C:\\xampp\\htdocs...')
#2 C:\xampp\htdocs\website_berita_kripto\system\View\View.php(213): CodeIgniter\View\View->CodeIgniter\View\{closure}()
#3 C:\xampp\htdocs\website_berita_kripto\system\Common.php(1089): CodeIgniter\View\View->render('index', Array, true)
#4 C:\xampp\htdocs\website_berita_kripto\app\Controllers\Home.php(13): view('index')
#5 C:\xampp\htdocs\website_berita_kripto\system\CodeIgniter.php(832): App\Controllers\Home->index()
#6 C:\xampp\htdocs\website_berita_kripto\system\CodeIgniter.php(419): CodeIgniter\CodeIgniter->runController(Object(App\Controllers\Home))
#7 C:\xampp\htdocs\website_berita_kripto\system\CodeIgniter.php(326): CodeIgniter\CodeIgniter->handleRequest(NULL, Object(Config\Cache), false)
#8 C:\xampp\htdocs\website_berita_kripto\index.php(37): CodeIgniter\CodeIgniter->run()
#9 {main}
CRITICAL - 2022-05-25 21:00:34 --> Undefined variable $articles
#0 C:\xampp\htdocs\website_berita_kripto\app\Views\index.php(46): CodeIgniter\Debug\Exceptions->errorHandler(2, 'Undefined varia...', 'C:\\xampp\\htdocs...', 46)
#1 C:\xampp\htdocs\website_berita_kripto\system\View\View.php(210): include('C:\\xampp\\htdocs...')
#2 C:\xampp\htdocs\website_berita_kripto\system\View\View.php(213): CodeIgniter\View\View->CodeIgniter\View\{closure}()
#3 C:\xampp\htdocs\website_berita_kripto\system\Common.php(1089): CodeIgniter\View\View->render('index', Array, true)
#4 C:\xampp\htdocs\website_berita_kripto\app\Controllers\Home.php(13): view('index')
#5 C:\xampp\htdocs\website_berita_kripto\system\CodeIgniter.php(832): App\Controllers\Home->index()
#6 C:\xampp\htdocs\website_berita_kripto\system\CodeIgniter.php(419): CodeIgniter\CodeIgniter->runController(Object(App\Controllers\Home))
#7 C:\xampp\htdocs\website_berita_kripto\system\CodeIgniter.php(326): CodeIgniter\CodeIgniter->handleRequest(NULL, Object(Config\Cache), false)
#8 C:\xampp\htdocs\website_berita_kripto\index.php(37): CodeIgniter\CodeIgniter->run()
#9 {main}
CRITICAL - 2022-05-25 21:05:09 --> Undefined variable $articles
#0 C:\xampp\htdocs\website_berita_kripto\app\Views\index.php(46): CodeIgniter\Debug\Exceptions->errorHandler(2, 'Undefined varia...', 'C:\\xampp\\htdocs...', 46)
#1 C:\xampp\htdocs\website_berita_kripto\system\View\View.php(210): include('C:\\xampp\\htdocs...')
#2 C:\xampp\htdocs\website_berita_kripto\system\View\View.php(213): CodeIgniter\View\View->CodeIgniter\View\{closure}()
#3 C:\xampp\htdocs\website_berita_kripto\system\Common.php(1089): CodeIgniter\View\View->render('index', Array, true)
#4 C:\xampp\htdocs\website_berita_kripto\app\Controllers\Home.php(13): view('index')
#5 C:\xampp\htdocs\website_berita_kripto\system\CodeIgniter.php(832): App\Controllers\Home->index()
#6 C:\xampp\htdocs\website_berita_kripto\system\CodeIgniter.php(419): CodeIgniter\CodeIgniter->runController(Object(App\Controllers\Home))
#7 C:\xampp\htdocs\website_berita_kripto\system\CodeIgniter.php(326): CodeIgniter\CodeIgniter->handleRequest(NULL, Object(Config\Cache), false)
#8 C:\xampp\htdocs\website_berita_kripto\index.php(37): CodeIgniter\CodeIgniter->run()
#9 {main}
CRITICAL - 2022-05-25 21:05:14 --> Undefined variable $articles
#0 C:\xampp\htdocs\website_berita_kripto\app\Views\index.php(46): CodeIgniter\Debug\Exceptions->errorHandler(2, 'Undefined varia...', 'C:\\xampp\\htdocs...', 46)
#1 C:\xampp\htdocs\website_berita_kripto\system\View\View.php(210): include('C:\\xampp\\htdocs...')
#2 C:\xampp\htdocs\website_berita_kripto\system\View\View.php(213): CodeIgniter\View\View->CodeIgniter\View\{closure}()
#3 C:\xampp\htdocs\website_berita_kripto\system\Common.php(1089): CodeIgniter\View\View->render('index', Array, true)
#4 C:\xampp\htdocs\website_berita_kripto\app\Controllers\Home.php(13): view('index')
#5 C:\xampp\htdocs\website_berita_kripto\system\CodeIgniter.php(832): App\Controllers\Home->index()
#6 C:\xampp\htdocs\website_berita_kripto\system\CodeIgniter.php(419): CodeIgniter\CodeIgniter->runController(Object(App\Controllers\Home))
#7 C:\xampp\htdocs\website_berita_kripto\system\CodeIgniter.php(326): CodeIgniter\CodeIgniter->handleRequest(NULL, Object(Config\Cache), false)
#8 C:\xampp\htdocs\website_berita_kripto\index.php(37): CodeIgniter\CodeIgniter->run()
#9 {main}
CRITICAL - 2022-05-25 21:05:16 --> Undefined variable $articles
#0 C:\xampp\htdocs\website_berita_kripto\app\Views\index.php(46): CodeIgniter\Debug\Exceptions->errorHandler(2, 'Undefined varia...', 'C:\\xampp\\htdocs...', 46)
#1 C:\xampp\htdocs\website_berita_kripto\system\View\View.php(210): include('C:\\xampp\\htdocs...')
#2 C:\xampp\htdocs\website_berita_kripto\system\View\View.php(213): CodeIgniter\View\View->CodeIgniter\View\{closure}()
#3 C:\xampp\htdocs\website_berita_kripto\system\Common.php(1089): CodeIgniter\View\View->render('index', Array, true)
#4 C:\xampp\htdocs\website_berita_kripto\app\Controllers\Home.php(13): view('index')
#5 C:\xampp\htdocs\website_berita_kripto\system\CodeIgniter.php(832): App\Controllers\Home->index()
#6 C:\xampp\htdocs\website_berita_kripto\system\CodeIgniter.php(419): CodeIgniter\CodeIgniter->runController(Object(App\Controllers\Home))
#7 C:\xampp\htdocs\website_berita_kripto\system\CodeIgniter.php(326): CodeIgniter\CodeIgniter->handleRequest(NULL, Object(Config\Cache), false)
#8 C:\xampp\htdocs\website_berita_kripto\index.php(37): CodeIgniter\CodeIgniter->run()
#9 {main}
CRITICAL - 2022-05-25 21:05:17 --> Undefined variable $articles
#0 C:\xampp\htdocs\website_berita_kripto\app\Views\index.php(46): CodeIgniter\Debug\Exceptions->errorHandler(2, 'Undefined varia...', 'C:\\xampp\\htdocs...', 46)
#1 C:\xampp\htdocs\website_berita_kripto\system\View\View.php(210): include('C:\\xampp\\htdocs...')
#2 C:\xampp\htdocs\website_berita_kripto\system\View\View.php(213): CodeIgniter\View\View->CodeIgniter\View\{closure}()
#3 C:\xampp\htdocs\website_berita_kripto\system\Common.php(1089): CodeIgniter\View\View->render('index', Array, true)
#4 C:\xampp\htdocs\website_berita_kripto\app\Controllers\Home.php(13): view('index')
#5 C:\xampp\htdocs\website_berita_kripto\system\CodeIgniter.php(832): App\Controllers\Home->index()
#6 C:\xampp\htdocs\website_berita_kripto\system\CodeIgniter.php(419): CodeIgniter\CodeIgniter->runController(Object(App\Controllers\Home))
#7 C:\xampp\htdocs\website_berita_kripto\system\CodeIgniter.php(326): CodeIgniter\CodeIgniter->handleRequest(NULL, Object(Config\Cache), false)
#8 C:\xampp\htdocs\website_berita_kripto\index.php(37): CodeIgniter\CodeIgniter->run()
#9 {main}
CRITICAL - 2022-05-25 21:05:19 --> Undefined variable $articles
#0 C:\xampp\htdocs\website_berita_kripto\app\Views\index.php(46): CodeIgniter\Debug\Exceptions->errorHandler(2, 'Undefined varia...', 'C:\\xampp\\htdocs...', 46)
#1 C:\xampp\htdocs\website_berita_kripto\system\View\View.php(210): include('C:\\xampp\\htdocs...')
#2 C:\xampp\htdocs\website_berita_kripto\system\View\View.php(213): CodeIgniter\View\View->CodeIgniter\View\{closure}()
#3 C:\xampp\htdocs\website_berita_kripto\system\Common.php(1089): CodeIgniter\View\View->render('index', Array, true)
#4 C:\xampp\htdocs\website_berita_kripto\app\Controllers\Home.php(13): view('index')
#5 C:\xampp\htdocs\website_berita_kripto\system\CodeIgniter.php(832): App\Controllers\Home->index()
#6 C:\xampp\htdocs\website_berita_kripto\system\CodeIgniter.php(419): CodeIgniter\CodeIgniter->runController(Object(App\Controllers\Home))
#7 C:\xampp\htdocs\website_berita_kripto\system\CodeIgniter.php(326): CodeIgniter\CodeIgniter->handleRequest(NULL, Object(Config\Cache), false)
#8 C:\xampp\htdocs\website_berita_kripto\index.php(37): CodeIgniter\CodeIgniter->run()
#9 {main}
CRITICAL - 2022-05-25 21:05:22 --> Undefined variable $articles
#0 C:\xampp\htdocs\website_berita_kripto\app\Views\index.php(46): CodeIgniter\Debug\Exceptions->errorHandler(2, 'Undefined varia...', 'C:\\xampp\\htdocs...', 46)
#1 C:\xampp\htdocs\website_berita_kripto\system\View\View.php(210): include('C:\\xampp\\htdocs...')
#2 C:\xampp\htdocs\website_berita_kripto\system\View\View.php(213): CodeIgniter\View\View->CodeIgniter\View\{closure}()
#3 C:\xampp\htdocs\website_berita_kripto\system\Common.php(1089): CodeIgniter\View\View->render('index', Array, true)
#4 C:\xampp\htdocs\website_berita_kripto\app\Controllers\Home.php(13): view('index')
#5 C:\xampp\htdocs\website_berita_kripto\system\CodeIgniter.php(832): App\Controllers\Home->index()
#6 C:\xampp\htdocs\website_berita_kripto\system\CodeIgniter.php(419): CodeIgniter\CodeIgniter->runController(Object(App\Controllers\Home))
#7 C:\xampp\htdocs\website_berita_kripto\system\CodeIgniter.php(326): CodeIgniter\CodeIgniter->handleRequest(NULL, Object(Config\Cache), false)
#8 C:\xampp\htdocs\website_berita_kripto\index.php(37): CodeIgniter\CodeIgniter->run()
#9 {main}
CRITICAL - 2022-05-25 21:05:44 --> Undefined variable $articles
#0 C:\xampp\htdocs\website_berita_kripto\app\Views\index.php(46): CodeIgniter\Debug\Exceptions->errorHandler(2, 'Undefined varia...', 'C:\\xampp\\htdocs...', 46)
#1 C:\xampp\htdocs\website_berita_kripto\system\View\View.php(210): include('C:\\xampp\\htdocs...')
#2 C:\xampp\htdocs\website_berita_kripto\system\View\View.php(213): CodeIgniter\View\View->CodeIgniter\View\{closure}()
#3 C:\xampp\htdocs\website_berita_kripto\system\Common.php(1089): CodeIgniter\View\View->render('index', Array, true)
#4 C:\xampp\htdocs\website_berita_kripto\app\Controllers\Home.php(13): view('index')
#5 C:\xampp\htdocs\website_berita_kripto\system\CodeIgniter.php(832): App\Controllers\Home->index()
#6 C:\xampp\htdocs\website_berita_kripto\system\CodeIgniter.php(419): CodeIgniter\CodeIgniter->runController(Object(App\Controllers\Home))
#7 C:\xampp\htdocs\website_berita_kripto\system\CodeIgniter.php(326): CodeIgniter\CodeIgniter->handleRequest(NULL, Object(Config\Cache), false)
#8 C:\xampp\htdocs\website_berita_kripto\index.php(37): CodeIgniter\CodeIgniter->run()
#9 {main}
CRITICAL - 2022-05-25 21:05:45 --> Undefined variable $articles
#0 C:\xampp\htdocs\website_berita_kripto\app\Views\index.php(46): CodeIgniter\Debug\Exceptions->errorHandler(2, 'Undefined varia...', 'C:\\xampp\\htdocs...', 46)
#1 C:\xampp\htdocs\website_berita_kripto\system\View\View.php(210): include('C:\\xampp\\htdocs...')
#2 C:\xampp\htdocs\website_berita_kripto\system\View\View.php(213): CodeIgniter\View\View->CodeIgniter\View\{closure}()
#3 C:\xampp\htdocs\website_berita_kripto\system\Common.php(1089): CodeIgniter\View\View->render('index', Array, true)
#4 C:\xampp\htdocs\website_berita_kripto\app\Controllers\Home.php(13): view('index')
#5 C:\xampp\htdocs\website_berita_kripto\system\CodeIgniter.php(832): App\Controllers\Home->index()
#6 C:\xampp\htdocs\website_berita_kripto\system\CodeIgniter.php(419): CodeIgniter\CodeIgniter->runController(Object(App\Controllers\Home))
#7 C:\xampp\htdocs\website_berita_kripto\system\CodeIgniter.php(326): CodeIgniter\CodeIgniter->handleRequest(NULL, Object(Config\Cache), false)
#8 C:\xampp\htdocs\website_berita_kripto\index.php(37): CodeIgniter\CodeIgniter->run()
#9 {main}
CRITICAL - 2022-05-25 21:06:27 --> Undefined variable $articles
#0 C:\xampp\htdocs\website_berita_kripto\app\Views\index.php(46): CodeIgniter\Debug\Exceptions->errorHandler(2, 'Undefined varia...', 'C:\\xampp\\htdocs...', 46)
#1 C:\xampp\htdocs\website_berita_kripto\system\View\View.php(210): include('C:\\xampp\\htdocs...')
#2 C:\xampp\htdocs\website_berita_kripto\system\View\View.php(213): CodeIgniter\View\View->CodeIgniter\View\{closure}()
#3 C:\xampp\htdocs\website_berita_kripto\system\Common.php(1089): CodeIgniter\View\View->render('index', Array, true)
#4 C:\xampp\htdocs\website_berita_kripto\app\Controllers\Home.php(13): view('index')
#5 C:\xampp\htdocs\website_berita_kripto\system\CodeIgniter.php(832): App\Controllers\Home->index()
#6 C:\xampp\htdocs\website_berita_kripto\system\CodeIgniter.php(419): CodeIgniter\CodeIgniter->runController(Object(App\Controllers\Home))
#7 C:\xampp\htdocs\website_berita_kripto\system\CodeIgniter.php(326): CodeIgniter\CodeIgniter->handleRequest(NULL, Object(Config\Cache), false)
#8 C:\xampp\htdocs\website_berita_kripto\index.php(37): CodeIgniter\CodeIgniter->run()
#9 {main}
CRITICAL - 2022-05-25 21:07:19 --> Undefined variable $articles
#0 C:\xampp\htdocs\website_berita_kripto\app\Views\index.php(46): CodeIgniter\Debug\Exceptions->errorHandler(2, 'Undefined varia...', 'C:\\xampp\\htdocs...', 46)
#1 C:\xampp\htdocs\website_berita_kripto\system\View\View.php(210): include('C:\\xampp\\htdocs...')
#2 C:\xampp\htdocs\website_berita_kripto\system\View\View.php(213): CodeIgniter\View\View->CodeIgniter\View\{closure}()
#3 C:\xampp\htdocs\website_berita_kripto\system\Common.php(1089): CodeIgniter\View\View->render('index', Array, true)
#4 C:\xampp\htdocs\website_berita_kripto\app\Controllers\Home.php(13): view('index')
#5 C:\xampp\htdocs\website_berita_kripto\system\CodeIgniter.php(832): App\Controllers\Home->index()
#6 C:\xampp\htdocs\website_berita_kripto\system\CodeIgniter.php(419): CodeIgniter\CodeIgniter->runController(Object(App\Controllers\Home))
#7 C:\xampp\htdocs\website_berita_kripto\system\CodeIgniter.php(326): CodeIgniter\CodeIgniter->handleRequest(NULL, Object(Config\Cache), false)
#8 C:\xampp\htdocs\website_berita_kripto\index.php(37): CodeIgniter\CodeIgniter->run()
#9 {main}
CRITICAL - 2022-05-25 21:07:23 --> Undefined variable $articles
#0 C:\xampp\htdocs\website_berita_kripto\app\Views\index.php(46): CodeIgniter\Debug\Exceptions->errorHandler(2, 'Undefined varia...', 'C:\\xampp\\htdocs...', 46)
#1 C:\xampp\htdocs\website_berita_kripto\system\View\View.php(210): include('C:\\xampp\\htdocs...')
#2 C:\xampp\htdocs\website_berita_kripto\system\View\View.php(213): CodeIgniter\View\View->CodeIgniter\View\{closure}()
#3 C:\xampp\htdocs\website_berita_kripto\system\Common.php(1089): CodeIgniter\View\View->render('index', Array, true)
#4 C:\xampp\htdocs\website_berita_kripto\app\Controllers\Home.php(13): view('index')
#5 C:\xampp\htdocs\website_berita_kripto\system\CodeIgniter.php(832): App\Controllers\Home->index()
#6 C:\xampp\htdocs\website_berita_kripto\system\CodeIgniter.php(419): CodeIgniter\CodeIgniter->runController(Object(App\Controllers\Home))
#7 C:\xampp\htdocs\website_berita_kripto\system\CodeIgniter.php(326): CodeIgniter\CodeIgniter->handleRequest(NULL, Object(Config\Cache), false)
#8 C:\xampp\htdocs\website_berita_kripto\index.php(37): CodeIgniter\CodeIgniter->run()
#9 {main}
CRITICAL - 2022-05-25 21:07:25 --> Undefined variable $articles
#0 C:\xampp\htdocs\website_berita_kripto\app\Views\index.php(46): CodeIgniter\Debug\Exceptions->errorHandler(2, 'Undefined varia...', 'C:\\xampp\\htdocs...', 46)
#1 C:\xampp\htdocs\website_berita_kripto\system\View\View.php(210): include('C:\\xampp\\htdocs...')
#2 C:\xampp\htdocs\website_berita_kripto\system\View\View.php(213): CodeIgniter\View\View->CodeIgniter\View\{closure}()
#3 C:\xampp\htdocs\website_berita_kripto\system\Common.php(1089): CodeIgniter\View\View->render('index', Array, true)
#4 C:\xampp\htdocs\website_berita_kripto\app\Controllers\Home.php(13): view('index')
#5 C:\xampp\htdocs\website_berita_kripto\system\CodeIgniter.php(832): App\Controllers\Home->index()
#6 C:\xampp\htdocs\website_berita_kripto\system\CodeIgniter.php(419): CodeIgniter\CodeIgniter->runController(Object(App\Controllers\Home))
#7 C:\xampp\htdocs\website_berita_kripto\system\CodeIgniter.php(326): CodeIgniter\CodeIgniter->handleRequest(NULL, Object(Config\Cache), false)
#8 C:\xampp\htdocs\website_berita_kripto\index.php(37): CodeIgniter\CodeIgniter->run()
#9 {main}
CRITICAL - 2022-05-25 21:07:25 --> Undefined variable $articles
#0 C:\xampp\htdocs\website_berita_kripto\app\Views\index.php(46): CodeIgniter\Debug\Exceptions->errorHandler(2, 'Undefined varia...', 'C:\\xampp\\htdocs...', 46)
#1 C:\xampp\htdocs\website_berita_kripto\system\View\View.php(210): include('C:\\xampp\\htdocs...')
#2 C:\xampp\htdocs\website_berita_kripto\system\View\View.php(213): CodeIgniter\View\View->CodeIgniter\View\{closure}()
#3 C:\xampp\htdocs\website_berita_kripto\system\Common.php(1089): CodeIgniter\View\View->render('index', Array, true)
#4 C:\xampp\htdocs\website_berita_kripto\app\Controllers\Home.php(13): view('index')
#5 C:\xampp\htdocs\website_berita_kripto\system\CodeIgniter.php(832): App\Controllers\Home->index()
#6 C:\xampp\htdocs\website_berita_kripto\system\CodeIgniter.php(419): CodeIgniter\CodeIgniter->runController(Object(App\Controllers\Home))
#7 C:\xampp\htdocs\website_berita_kripto\system\CodeIgniter.php(326): CodeIgniter\CodeIgniter->handleRequest(NULL, Object(Config\Cache), false)
#8 C:\xampp\htdocs\website_berita_kripto\index.php(37): CodeIgniter\CodeIgniter->run()
#9 {main}
CRITICAL - 2022-05-25 21:07:25 --> Undefined variable $articles
#0 C:\xampp\htdocs\website_berita_kripto\app\Views\index.php(46): CodeIgniter\Debug\Exceptions->errorHandler(2, 'Undefined varia...', 'C:\\xampp\\htdocs...', 46)
#1 C:\xampp\htdocs\website_berita_kripto\system\View\View.php(210): include('C:\\xampp\\htdocs...')
#2 C:\xampp\htdocs\website_berita_kripto\system\View\View.php(213): CodeIgniter\View\View->CodeIgniter\View\{closure}()
#3 C:\xampp\htdocs\website_berita_kripto\system\Common.php(1089): CodeIgniter\View\View->render('index', Array, true)
#4 C:\xampp\htdocs\website_berita_kripto\app\Controllers\Home.php(13): view('index')
#5 C:\xampp\htdocs\website_berita_kripto\system\CodeIgniter.php(832): App\Controllers\Home->index()
#6 C:\xampp\htdocs\website_berita_kripto\system\CodeIgniter.php(419): CodeIgniter\CodeIgniter->runController(Object(App\Controllers\Home))
#7 C:\xampp\htdocs\website_berita_kripto\system\CodeIgniter.php(326): CodeIgniter\CodeIgniter->handleRequest(NULL, Object(Config\Cache), false)
#8 C:\xampp\htdocs\website_berita_kripto\index.php(37): CodeIgniter\CodeIgniter->run()
#9 {main}
CRITICAL - 2022-05-25 21:07:25 --> Undefined variable $articles
#0 C:\xampp\htdocs\website_berita_kripto\app\Views\index.php(46): CodeIgniter\Debug\Exceptions->errorHandler(2, 'Undefined varia...', 'C:\\xampp\\htdocs...', 46)
#1 C:\xampp\htdocs\website_berita_kripto\system\View\View.php(210): include('C:\\xampp\\htdocs...')
#2 C:\xampp\htdocs\website_berita_kripto\system\View\View.php(213): CodeIgniter\View\View->CodeIgniter\View\{closure}()
#3 C:\xampp\htdocs\website_berita_kripto\system\Common.php(1089): CodeIgniter\View\View->render('index', Array, true)
#4 C:\xampp\htdocs\website_berita_kripto\app\Controllers\Home.php(13): view('index')
#5 C:\xampp\htdocs\website_berita_kripto\system\CodeIgniter.php(832): App\Controllers\Home->index()
#6 C:\xampp\htdocs\website_berita_kripto\system\CodeIgniter.php(419): CodeIgniter\CodeIgniter->runController(Object(App\Controllers\Home))
#7 C:\xampp\htdocs\website_berita_kripto\system\CodeIgniter.php(326): CodeIgniter\CodeIgniter->handleRequest(NULL, Object(Config\Cache), false)
#8 C:\xampp\htdocs\website_berita_kripto\index.php(37): CodeIgniter\CodeIgniter->run()
#9 {main}
CRITICAL - 2022-05-25 21:07:25 --> Undefined variable $articles
#0 C:\xampp\htdocs\website_berita_kripto\app\Views\index.php(46): CodeIgniter\Debug\Exceptions->errorHandler(2, 'Undefined varia...', 'C:\\xampp\\htdocs...', 46)
#1 C:\xampp\htdocs\website_berita_kripto\system\View\View.php(210): include('C:\\xampp\\htdocs...')
#2 C:\xampp\htdocs\website_berita_kripto\system\View\View.php(213): CodeIgniter\View\View->CodeIgniter\View\{closure}()
#3 C:\xampp\htdocs\website_berita_kripto\system\Common.php(1089): CodeIgniter\View\View->render('index', Array, true)
#4 C:\xampp\htdocs\website_berita_kripto\app\Controllers\Home.php(13): view('index')
#5 C:\xampp\htdocs\website_berita_kripto\system\CodeIgniter.php(832): App\Controllers\Home->index()
#6 C:\xampp\htdocs\website_berita_kripto\system\CodeIgniter.php(419): CodeIgniter\CodeIgniter->runController(Object(App\Controllers\Home))
#7 C:\xampp\htdocs\website_berita_kripto\system\CodeIgniter.php(326): CodeIgniter\CodeIgniter->handleRequest(NULL, Object(Config\Cache), false)
#8 C:\xampp\htdocs\website_berita_kripto\index.php(37): CodeIgniter\CodeIgniter->run()
#9 {main}
CRITICAL - 2022-05-25 21:07:26 --> Undefined variable $articles
#0 C:\xampp\htdocs\website_berita_kripto\app\Views\index.php(46): CodeIgniter\Debug\Exceptions->errorHandler(2, 'Undefined varia...', 'C:\\xampp\\htdocs...', 46)
#1 C:\xampp\htdocs\website_berita_kripto\system\View\View.php(210): include('C:\\xampp\\htdocs...')
#2 C:\xampp\htdocs\website_berita_kripto\system\View\View.php(213): CodeIgniter\View\View->CodeIgniter\View\{closure}()
#3 C:\xampp\htdocs\website_berita_kripto\system\Common.php(1089): CodeIgniter\View\View->render('index', Array, true)
#4 C:\xampp\htdocs\website_berita_kripto\app\Controllers\Home.php(13): view('index')
#5 C:\xampp\htdocs\website_berita_kripto\system\CodeIgniter.php(832): App\Controllers\Home->index()
#6 C:\xampp\htdocs\website_berita_kripto\system\CodeIgniter.php(419): CodeIgniter\CodeIgniter->runController(Object(App\Controllers\Home))
#7 C:\xampp\htdocs\website_berita_kripto\system\CodeIgniter.php(326): CodeIgniter\CodeIgniter->handleRequest(NULL, Object(Config\Cache), false)
#8 C:\xampp\htdocs\website_berita_kripto\index.php(37): CodeIgniter\CodeIgniter->run()
#9 {main}
CRITICAL - 2022-05-25 21:07:26 --> Undefined variable $articles
#0 C:\xampp\htdocs\website_berita_kripto\app\Views\index.php(46): CodeIgniter\Debug\Exceptions->errorHandler(2, 'Undefined varia...', 'C:\\xampp\\htdocs...', 46)
#1 C:\xampp\htdocs\website_berita_kripto\system\View\View.php(210): include('C:\\xampp\\htdocs...')
#2 C:\xampp\htdocs\website_berita_kripto\system\View\View.php(213): CodeIgniter\View\View->CodeIgniter\View\{closure}()
#3 C:\xampp\htdocs\website_berita_kripto\system\Common.php(1089): CodeIgniter\View\View->render('index', Array, true)
#4 C:\xampp\htdocs\website_berita_kripto\app\Controllers\Home.php(13): view('index')
#5 C:\xampp\htdocs\website_berita_kripto\system\CodeIgniter.php(832): App\Controllers\Home->index()
#6 C:\xampp\htdocs\website_berita_kripto\system\CodeIgniter.php(419): CodeIgniter\CodeIgniter->runController(Object(App\Controllers\Home))
#7 C:\xampp\htdocs\website_berita_kripto\system\CodeIgniter.php(326): CodeIgniter\CodeIgniter->handleRequest(NULL, Object(Config\Cache), false)
#8 C:\xampp\htdocs\website_berita_kripto\index.php(37): CodeIgniter\CodeIgniter->run()
#9 {main}
CRITICAL - 2022-05-25 21:07:26 --> Undefined variable $articles
#0 C:\xampp\htdocs\website_berita_kripto\app\Views\index.php(46): CodeIgniter\Debug\Exceptions->errorHandler(2, 'Undefined varia...', 'C:\\xampp\\htdocs...', 46)
#1 C:\xampp\htdocs\website_berita_kripto\system\View\View.php(210): include('C:\\xampp\\htdocs...')
#2 C:\xampp\htdocs\website_berita_kripto\system\View\View.php(213): CodeIgniter\View\View->CodeIgniter\View\{closure}()
#3 C:\xampp\htdocs\website_berita_kripto\system\Common.php(1089): CodeIgniter\View\View->render('index', Array, true)
#4 C:\xampp\htdocs\website_berita_kripto\app\Controllers\Home.php(13): view('index')
#5 C:\xampp\htdocs\website_berita_kripto\system\CodeIgniter.php(832): App\Controllers\Home->index()
#6 C:\xampp\htdocs\website_berita_kripto\system\CodeIgniter.php(419): CodeIgniter\CodeIgniter->runController(Object(App\Controllers\Home))
#7 C:\xampp\htdocs\website_berita_kripto\system\CodeIgniter.php(326): CodeIgniter\CodeIgniter->handleRequest(NULL, Object(Config\Cache), false)
#8 C:\xampp\htdocs\website_berita_kripto\index.php(37): CodeIgniter\CodeIgniter->run()
#9 {main}
